[backblue.gif]
[fade.gif]
[index.html]
[dev.closer2oxford.ro/page/rss_feed]
[dev.closer2oxford.ro/index.html]
[closer2oxford.ro/favicon.html]
[dev.closer2oxford.ro/page/var/layout.css]
[dev.closer2oxford.ro/page/var/javascript.js]
[dev.closer2oxford.ro/uploads/2015/06/9/icon-facebook.gif]
[dev.closer2oxford.ro/uploads/2015/06/9/facebook_icon.html]
[dev.closer2oxford.ro/js/jquery-1.4.4.min.js]
[dev.closer2oxford.ro/js/tinymce/tiny_mce.js]
[dev.closer2oxford.ro/js/jquery.form.js]
[dev.closer2oxford.ro/js/fbLoginRegister.js]
[dev.closer2oxford.ro/page/var/galerie/jquery.prettyPhoto.js]
[dev.closer2oxford.ro/page/var/jquery.bxslider.min.js]
[dev.closer2oxford.ro/js/jquery.hovertip-1.0.min.js]
[dev.closer2oxford.ro/js/jquery.jgrowl_minimized.js]
[dev.closer2oxford.ro/css/jquery.jgrowl.css]
[dev.closer2oxford.ro/js/jquery.timer-min.js]
[dev.closer2oxford.ro/images/layout/sigla.jpg]
[dev.closer2oxford.ro/images/fb.png]
[dev.closer2oxford.ro/images/feed-icon.png]
[dev.closer2oxford.ro/images/slide/dezbatere-ofensa-runda.png]
[dev.closer2oxford.ro/uploads/2015/05/22/dezbatere-website-oxford_(1).6ftib2.png]
[dev.closer2oxford.ro/page/var/gallery.css]
[dev.closer2oxford.ro/page/var/jquery.bxslider.css]
[dev.closer2oxford.ro/page/register.html]
[dev.closer2oxford.ro/page/contacte/index.html]
[dev.closer2oxford.ro/page/clubdebate/index.html]
[dev.closer2oxford.ro/page/oamenii/index.html]
[dev.closer2oxford.ro/page/proiectul/index.html]
[dev.closer2oxford.ro/page/home/index.html]
[dev.closer2oxford.ro/images/layout/ralu/struct.jpg]
[dev.closer2oxford.ro/images/layout/ralu/strateg.jpg]
[dev.closer2oxford.ro/images/cover/BANNER_c2o_12_DEBATE_ONLINE_results.png]
[dev.closer2oxford.ro/images/layout/ralu/argument.jpg]
[dev.closer2oxford.ro/images/layout/ralu/stil.jpg]
[dev.closer2oxford.ro/page/clasamente.html]
[dev.closer2oxford.ro/js/jquery.MetaData.js]
[dev.closer2oxford.ro/js/table_sorter.js]
[www.journalofdemocracy.org/sites/default/files/Brown-24-4.bc.delayed]
[dev.closer2oxford.ro/en.html]
[dev.closer2oxford.ro/page/prez_structura_caz.html]
[dev.closer2oxford.ro/page/prez_strategie_caz.html]
[dev.closer2oxford.ro/page/prez_argumentarea.html]
[dev.closer2oxford.ro/page/prez_stil_caz.html]
[dev.closer2oxford.ro/page/ro/interviu_2015.html]
[dev.closer2oxford.ro/images/layout/right_arrow_yellow.png]
[dev.closer2oxford.ro/page/ro/runda_13_incepe.html]
[dev.closer2oxford.ro/page/ro/dezbatere_parada_Buc.html]
[dev.closer2oxford.ro/page/ro/stire_dezbatere_timisoara_runda_11.html]
[dev.closer2oxford.ro/page/ro/runda11_dezbateri.html]
[dev.closer2oxford.ro/page/toate_stirile.html]
[c443513.r13.cf2.rackcdn.com/static/widgets/w.html]
[dev.closer2oxford.ro/css/table_style.css]
[dev.closer2oxford.ro/page/ro/vezi_meciuri/406/sunt_arbitru.html]
[dev.closer2oxford.ro/page/ro/vezi_meciuri/408/sunt_arbitru.html]
[dev.closer2oxford.ro/page/ro/vezi_meciuri/412/sunt_arbitru.html]
[dev.closer2oxford.ro/page/ro/vezi_meciuri/416/sunt_arbitru.html]
[dev.closer2oxford.ro/page/ro/vezi_meciuri/411/sunt_arbitru.html]
[dev.closer2oxford.ro/page/ro/vezi_meciuri/415/sunt_arbitru.html]
[dev.closer2oxford.ro/page/ro/vezi_meciuri/409/sunt_arbitru.html]
[dev.closer2oxford.ro/page/ro/vezi_meciuri/413/sunt_arbitru.html]
[dev.closer2oxford.ro/page/ro/vezi_meciuri/407/sunt_arbitru.html]
[dev.closer2oxford.ro/page/ro/vezi_meciuri/414/sunt_arbitru.html]
[dev.closer2oxford.ro/page/ro/vezi_meciuri/410/sunt_arbitru.html]
[connect.facebook.net/en_US/all.js]
[dev.closer2oxford.ro/images/slide/399982_352493364762813_291123006_n.jpg]
[dev.closer2oxford.ro/images/slide/220065_214811791864305_2028534_o.jpg]
[dev.closer2oxford.ro/images/slide/nesupunere_civica_bucuresti.jpg]
[dev.closer2oxford.ro/images/slide/nesupunere_civica_cluj.jpg]
[dev.closer2oxford.ro/images/slide/nesupunere_civila_iasi.jpg]
[dev.closer2oxford.ro/images/slide/piraterie_timisoara.jpg]
[dev.closer2oxford.ro/images/file_links/pdf.png]
[dev.closer2oxford.ro/page/clasamente/11.html]
[dev.closer2oxford.ro/page/dezbatere_bucuresti_runda_11.html]
[dev.closer2oxford.ro/page/dezbatere_timisoara_runda_11.html]
[dev.closer2oxford.ro/page/clasamente/10.html]
[dev.closer2oxford.ro/page/dezbatere_bucuresti_runda_10.html]
[dev.closer2oxford.ro/page/dezbatere_cluj_runda_10.html]
[dev.closer2oxford.ro/page/dezbatere_iasi_runda_10.html]
[dev.closer2oxford.ro/images/file_links/arch.png]
[dev.closer2oxford.ro/images/file_links/txt.png]
[dev.closer2oxford.ro/images/file_links/email.png]
[dev.closer2oxford.ro/images/file_links/link.png]
[dev.closer2oxford.ro/images/layout/colt_dr_sus.png]
[dev.closer2oxford.ro/images/layout/colt_stg_sus.png]
[dev.closer2oxford.ro/images/layout/colt_stg_jos.png]
[dev.closer2oxford.ro/page/dezbatere_timisoara_runda_10.html]
[dev.closer2oxford.ro/page/clasamente/9.html]
[dev.closer2oxford.ro/images/layout/colt_dr_jos.png]
[dev.closer2oxford.ro/images/layout/bullet.png]
[dev.closer2oxford.ro/images/layout/li_vertical.png]
[dev.closer2oxford.ro/images/layout/li_stanga.png]
[dev.closer2oxford.ro/images/layout/buton_poll_back.png]
[dev.closer2oxford.ro/images/layout/buton_poll_back_clicked.png]
[dev.closer2oxford.ro/images/layout/bullet.jpg]
[dev.closer2oxford.ro/images/layout/li_dreapta.png]
[dev.closer2oxford.ro/page/dezbatere_bucuresti_vara_2013.html]
[dev.closer2oxford.ro/page/dezbatere_cluj_vara_2013.html]
[dev.closer2oxford.ro/page/dezbatere_iasi_vara_2013.html]
[dev.closer2oxford.ro/page/dezbatere_sibiu_vara_2013.html]
[dev.closer2oxford.ro/page/dezbatere_timisoara_vara_2013.html]
[dev.closer2oxford.ro/page/clasamente/8.html]
[dev.closer2oxford.ro/page/dezbateripublice.html]
[dev.closer2oxford.ro/images/gallery/prettyPhoto/light_rounded/sprite.png]
[dev.closer2oxford.ro/images/gallery/prettyPhoto/light_rounded/btnNext.png]
[dev.closer2oxford.ro/images/gallery/prettyPhoto/light_rounded/btnPrevious.png]
[dev.closer2oxford.ro/images/gallery/prettyPhoto/light_rounded/loader.gif]
[dev.closer2oxford.ro/images/gallery/prettyPhoto/dark_rounded/sprite.png]
[dev.closer2oxford.ro/images/gallery/prettyPhoto/dark_rounded/contentPattern.png]
[dev.closer2oxford.ro/images/gallery/prettyPhoto/dark_rounded/btnNext.png]
[dev.closer2oxford.ro/page/clasamente/7.html]
[dev.closer2oxford.ro/images/gallery/prettyPhoto/dark_rounded/btnPrevious.png]
[dev.closer2oxford.ro/images/gallery/prettyPhoto/dark_rounded/loader.gif]
[dev.closer2oxford.ro/images/gallery/prettyPhoto/dark_square/contentPattern.png]
[dev.closer2oxford.ro/images/gallery/prettyPhoto/dark_square/sprite.png]
[dev.closer2oxford.ro/images/gallery/prettyPhoto/dark_square/btnNext.png]
[dev.closer2oxford.ro/images/gallery/prettyPhoto/dark_square/btnPrevious.png]
[dev.closer2oxford.ro/images/gallery/prettyPhoto/light_square/sprite.png]
[dev.closer2oxford.ro/images/gallery/prettyPhoto/light_square/btnNext.png]
[dev.closer2oxford.ro/page/clasamente/6.html]
[dev.closer2oxford.ro/images/gallery/prettyPhoto/light_square/btnPrevious.png]
[dev.closer2oxford.ro/images/gallery/prettyPhoto/facebook/sprite.png]
[dev.closer2oxford.ro/images/gallery/prettyPhoto/facebook/contentPatternTop.png]
[dev.closer2oxford.ro/images/gallery/prettyPhoto/facebook/contentPatternLeft.png]
[dev.closer2oxford.ro/images/gallery/prettyPhoto/facebook/contentPatternRight.png]
[dev.closer2oxford.ro/images/gallery/prettyPhoto/facebook/loader.gif]
[dev.closer2oxford.ro/images/gallery/prettyPhoto/facebook/btnNext.png]
[dev.closer2oxford.ro/images/gallery/prettyPhoto/facebook/btnPrevious.png]
[dev.closer2oxford.ro/page/clasamente/5.html]
[dev.closer2oxford.ro/images/gallery/prettyPhoto/facebook/contentPatternBottom.png]
[dev.closer2oxford.ro/page/var/jquery.validationEngine-en.js]
[dev.closer2oxford.ro/page/dezbatere_bucuresti_runda_5.html]
[dev.closer2oxford.ro/page/dezbatere_cluj_runda_5.html]
[dev.closer2oxford.ro/page/dezbatere_iasi_runda_5.html]
[dev.closer2oxford.ro/images/bxslider/bx_loader.gif]
[dev.closer2oxford.ro/images/bxslider/controls.png]
[dev.closer2oxford.ro/js/jquery.validationEngine.js]
[dev.closer2oxford.ro/images/layout/sustin_c2o.jpg]
[dev.closer2oxford.ro/page/dezbatere_timisoara_runda_5.html]
[dev.closer2oxford.ro/page/clasamente/4.html]
[dev.closer2oxford.ro/js/galerie/jquery.prettyPhoto.js]
[dev.closer2oxford.ro/images/little_stuff/16-arrow-down.png]
[dev.closer2oxford.ro/images/little_stuff/16-arrow-up.png]
[dev.closer2oxford.ro/images/oameni/monica_mocanu.jpg]
[dev.closer2oxford.ro/images/oameni/bianca_dragomir.jpg]
[dev.closer2oxford.ro/images/oameni/ana_zatusevschi.jpg]
[dev.closer2oxford.ro/images/oameni/patricia_zghibarta.jpg]
[dev.closer2oxford.ro/images/oameni/bianca.prunea.jpg]
[dev.closer2oxford.ro/images/oameni/liviu_gajora.jpg]
[dev.closer2oxford.ro/page/dezbatere_bucuresti_runda_4.html]
[dev.closer2oxford.ro/page/dezbatere_cluj_runda_4.html]
[dev.closer2oxford.ro/page/dezbatere_iasi_runda_4.html]
[dev.closer2oxford.ro/images/oameni/teo_blidariu.jpg]
[dev.closer2oxford.ro/images/oameni/raluca_bogdan.jpg]
[dev.closer2oxford.ro/images/oameni/teodora_oprea.jpg]
[dev.closer2oxford.ro/images/oameni/george.manea.jpg]
[dev.closer2oxford.ro/images/oameni/bogdan_draghicescu.jpg]
[dev.closer2oxford.ro/page/dezbatere_timisoara_runda_4.html]
[dev.closer2oxford.ro/page/clasamente/3.html]
[dev.closer2oxford.ro/page/dezbatere_bucuresti_vara.html]
[dev.closer2oxford.ro/page/dezbatere_cluj_vara.html]
[dev.closer2oxford.ro/page/dezbatere_iasi_vara.html]
[dev.closer2oxford.ro/page/dezbatere_timisoara_vara.html]
[dev.closer2oxford.ro/page/clasamente/2.html]
[dev.closer2oxford.ro/page/dezbatere_bucuresti_primavara.html]
[dev.closer2oxford.ro/page/dezbatere_cluj_primavara.html]
[dev.closer2oxford.ro/page/dezbatere_iasi_primavara.html]
[dev.closer2oxford.ro/page/dezbatere_timisoara_primavara.html]
[dev.closer2oxford.ro/page/clasamente/1.html]
[dev.closer2oxford.ro/images/layout/closer2oxford_fb_white.png]
[dev.closer2oxford.ro/page/dezbatere_bucuresti_toamna.html]
[dev.closer2oxford.ro/page/dezbatere_cluj_toamna.html]
[dev.closer2oxford.ro/page/dezbatere_iasi_toamna.html]
[dev.closer2oxford.ro/page/dezbatere_timisoara_toamna.html]
[connect.facebook.net/en_US/all.js]
[dev.closer2oxford.ro/page/var/images.css]
[dev.closer2oxford.ro/page/var/parteneri2.css]
[closer2oxford.ro/uploads/2012/11/4/conferinta_cluj_runda_trei.jizfr0.5l4d36.html]
[closer2oxford.ro/uploads/2012/11/4/207338_214811975197620_3000564_n.3ivhl1.0kmo7c.html]
[closer2oxford.ro/uploads/2012/11/4/nesupunere_civica_iasi2.6gtsc4.q1ftvp.html]
[dev.closer2oxford.ro/css/validationEngine.jquery.css]
[dev.closer2oxford.ro/page/extend_c2o.html]
[dev.closer2oxford.ro/page/termeni.html]
[dev.closer2oxford.ro/page/clubdebate.html]
[dev.closer2oxford.ro/uploads/2014/04/16/img_2014_04_16_15_53_51_6.k2t48q.png]
[dev.closer2oxford.ro/uploads/2015/06/13/dezbatere-religii-final_(1).uasp1r.png]
[dev.closer2oxford.ro/page/coach.html]
[dev.closer2oxford.ro/page/tainer.html]
[dev.closer2oxford.ro/page/profesor.html]
[dev.closer2oxford.ro/page/arbitru.html]
[dev.closer2oxford.ro/page/oamenii.html]
[dev.closer2oxford.ro/page/arbitrii.html]
[dev.closer2oxford.ro/page/debateonline.html]
[dev.closer2oxford.ro/page/lecturicritice.html]
[dev.closer2oxford.ro/page/inregistrare.html]
[dev.closer2oxford.ro/page/dezbateri.html]
[dev.closer2oxford.ro/page/resurse.html]
[dev.closer2oxford.ro/uploads/2014/04/7/comunicat_dezbatere_publica_Closer_to_Oxford(1).ja0znv.doc]
[uk.sagepub.com/en-gb/eur/hackley/SJO Articles for Website/Chapter 8 - Pine & Nash.pdf]
[dev.closer2oxford.ro/images/little_stuff/16-em-down.png]
[dev.closer2oxford.ro/images/little_stuff/16-em-up.png]
[img.youtube.com/vi/k4tgjknjSos/1.jpg]
[img.youtube.com/vi/DfC6hboHndo/1.jpg]
[img.youtube.com/vi/l6vRlpAaPDQ/1.jpg]
[img.youtube.com/vi/f_vwsN0Fy_Q/1.jpg]
[img.youtube.com/vi/vwIrS_op3tA/1.jpg]
[img.youtube.com/vi/eermFRXdZvI/1.jpg]
[img.youtube.com/vi/VX5bGJLVwuo/1.jpg]
[img.youtube.com/vi/D3-oxUb9raw/1.jpg]
[img.youtube.com/vi/KVWBi-69iv8/1.jpg]
[img.youtube.com/vi/GFP04Et_lxI/1.jpg]
[img.youtube.com/vi/5XKaNt7zcq0/1.jpg]
[img.youtube.com/vi/vsO6mfKGJwY/1.jpg]
[img.youtube.com/vi/UwyOBfWo_7k/1.jpg]
[img.youtube.com/vi/yFfM04iiNg0/1.jpg]
[img.youtube.com/vi/xGC4xi8oMKI/1.jpg]
[img.youtube.com/vi/kn_-KL11PyQ/1.jpg]
[img.youtube.com/vi/ZaE9e-EQt0A/1.jpg]
[ssl.gstatic.com/ui/v1/icons/mail/images/cleardot.gif]
[img.youtube.com/vi/Y_TsQOkSXdc/1.jpg]
[img.youtube.com/vi/rCCv31kUwts/1.jpg]
[img.youtube.com/vi/EuPbOjYDI-4/1.jpg]
[img.youtube.com/vi/80MgKrA88uU/1.jpg]
[img.youtube.com/vi/GDQcA17KWMI/1.jpg]
[img.youtube.com/vi/UuLQ9y9yOew/1.jpg]
[img.youtube.com/vi/_jTrgQiLG1A/1.jpg]
[img.youtube.com/vi/-MzlbUZVJzU/1.jpg]
[img.youtube.com/vi/HnlHFN1_P-A/1.jpg]
[img.youtube.com/vi/WeZdonkJVzc/1.jpg]
[img.youtube.com/vi/nixUt7Th2PA/1.jpg]
[img.youtube.com/vi/wbYDjN4vuys/1.jpg]
[img.youtube.com/vi/_1kQuBHRDXc/1.jpg]
[img.youtube.com/vi/Xxh9iAeJiv8/1.jpg]
[img.youtube.com/vi/wQy-pm4tsKU/1.jpg]
[img.youtube.com/vi/Y47XRKITCs4/1.jpg]
[img.youtube.com/vi/SHyS0P94EEQ/1.jpg]
[img.youtube.com/vi/OT9LjVAmUY4/1.jpg]
[img.youtube.com/vi/PoN3fUmgRfQ/1.jpg]
[img.youtube.com/vi/zNK79Z63kms/1.jpg]
[img.youtube.com/vi/xTUpkNNjHGY/1.jpg]
[img.youtube.com/vi/1X9n39GwKgs/1.jpg]
[img.youtube.com/vi/XVj0j4I31ro/1.jpg]
[img.youtube.com/vi/1DodxcNhh5A/1.jpg]
[img.youtube.com/vi/dBFLHs65mks/1.jpg]
[img.youtube.com/vi/QGoHBBOGR7g/1.jpg]
[img.youtube.com/vi/OONp0pARZ_M/1.jpg]
[img.youtube.com/vi/3y2VWoDDxek/1.jpg]
[portal.unesco.org/ci/en/files/18796/11144252115pb_why_how.pdf/pb_why_how.240.delayed]
[dev.closer2oxford.ro/page/sugestii.html]
[dev.closer2oxford.ro/page/tutoriale.html]
[dev.closer2oxford.ro/page/nota_clasament.html]
[dev.closer2oxford.ro/page/ro/vezi_meciuri/406/index.html]
[dev.closer2oxford.ro/page/ro/vezi_meciuri/408/index.html]
[dev.closer2oxford.ro/page/ro/vezi_meciuri/412/index.html]
[dev.closer2oxford.ro/page/ro/vezi_meciuri/416/index.html]
[dev.closer2oxford.ro/page/ro/vezi_meciuri/411/index.html]
[dev.closer2oxford.ro/page/ro/vezi_meciuri/415/index.html]
[dev.closer2oxford.ro/page/ro/vezi_meciuri/409/index.html]
[dev.closer2oxford.ro/page/ro/vezi_meciuri/413/index.html]
[dev.closer2oxford.ro/page/ro/vezi_meciuri/407/index.html]
[dev.closer2oxford.ro/page/ro/vezi_meciuri/414/index.html]
[dev.closer2oxford.ro/uploads/2013/07/31/dezbatere_C2O_ARDOR_Bucuresti_George_Visan_Maria_Antica_Monica_Mocanu_Serban_Pitic_Andrei_Pantu.vm34n5.jpg]
[dev.closer2oxford.ro/uploads/2013/07/31/dezbatere_C2O_ARDOR_Iasi_Cezar_Manea_Virgil_Stoica_Liviu_Gajora_Stefana_Popa_Horia_Tit.1hr94i.jpg]
[dev.closer2oxford.ro/uploads/2013/07/31/dezbatere_C2O_ARDOR_Timisoara_Corina_Tursie.e3yalw.jpg]
[dev.closer2oxford.ro/uploads/2013/07/31/dezbatere_C2O_ARDOR_Timisoara_Dan_Ungureanu.a6xiz9.jpg]
[dev.closer2oxford.ro/page/ro/vezi_meciuri/410/index.html]
[dev.closer2oxford.ro/page/clasamente/12.html]
[dev.closer2oxford.ro/en/index.html]
[dev.closer2oxford.ro/page/contactus/index.html]
[dev.closer2oxford.ro/page/theteam/index.html]
[dev.closer2oxford.ro/page/theproject/index.html]
[dev.closer2oxford.ro/page/home_en/index.html]
[dev.closer2oxford.ro/page/en/vezi_meciuri/367/index.html]
[dev.closer2oxford.ro/page/en/vezi_meciuri/368/index.html]
[dev.closer2oxford.ro/page/en/vezi_meciuri/365/index.html]
[mail.google.com/mail/images/cleardot.gif]
[dev.closer2oxford.ro/page/en/vezi_meciuri/366/index.html]
[dev.closer2oxford.ro/page/en/vezi_meciuri/369/index.html]
[dev.closer2oxford.ro/page/en/vezi_meciuri/374/index.html]
[img.youtube.com/vi/intKfJhStkg/1.jpg]
[img.youtube.com/vi/uUEaru9zeEg/1.jpg]
[img.youtube.com/vi/U1nbjfH3A-8/1.jpg]
[img.youtube.com/vi/QFvje3UhNLw/1.jpg]
[img.youtube.com/vi/sWJnYtl3Oic/1.jpg]
[img.youtube.com/vi/sXcGvwa7FKo/1.jpg]
[img.youtube.com/vi/Ie9UclFT0qI/1.jpg]
[img.youtube.com/vi/HBpqsBVCuY4/1.jpg]
[dev.closer2oxford.ro/page/en/vezi_meciuri/373/index.html]
[img.youtube.com/vi/7FL8Jh0yEUs/1.jpg]
[img.youtube.com/vi/oHiS_Pt6kIE/1.jpg]
[img.youtube.com/vi/UlsiWf7KWaw/1.jpg]
[img.youtube.com/vi/vFOj2ptmAH8/1.jpg]
[img.youtube.com/vi/ZGiOxwmM8d8/1.jpg]
[img.youtube.com/vi/dFCG-DGK4uQ/1.jpg]
[img.youtube.com/vi/tchOUCND20o/1.jpg]
[dev.closer2oxford.ro/page/en/vezi_meciuri/370/index.html]
[img.youtube.com/vi/aC9OWe2p-ks/1.jpg]
[img.youtube.com/vi/3Zqe7pkmt-k/1.jpg]
[img.youtube.com/vi/XuNKniLbdEs/1.jpg]
[img.youtube.com/vi/TamZ5CHUOVo/1.jpg]
[img.youtube.com/vi/hr10_f-htm0/1.jpg]
[www.hsph.harvard.edu/ihsg/publications/pdf/No-7-1.24f.delayed]
[dev.closer2oxford.ro/page/en/vezi_meciuri/372/index.html]
[img.youtube.com/vi/StL9d7nPE_A/1.jpg]
[dev.closer2oxford.ro/page/en/vezi_meciuri/371/index.html]
[www.journalofdemocracy.org/sites/default/files/Brown-24-4.html]
[closer2oxford.ro/uploads/2014/02/4/Online_debate_format_Closer2Oxford_meets_Diwanieh.df01v5.html]
[dev.closer2oxford.ro/page/10_sfaturi.html]
[dev.closer2oxford.ro/page/abonamente_british_council_vara.html]
[dev.closer2oxford.ro/page/abonamente_fp_runda_6.html]
[img.youtube.com/vi/CzJLyAxUq2c/1.jpg]
[img.youtube.com/vi/1lCQ0M-cZ0k/1.jpg]
[img.youtube.com/vi/mFCoO1bH0wk/1.jpg]
[img.youtube.com/vi/EJE0Cb3ksf0/1.jpg]
[img.youtube.com/vi/1f023wJBNRM/1.jpg]
[img.youtube.com/vi/NDguq1ozbng/1.jpg]
[img.youtube.com/vi/bs4C1_AvT2Y/1.jpg]
[img.youtube.com/vi/sPh6Flq7Luk/1.jpg]
[dev.closer2oxford.ro/page/ai_cont.html]
[dev.closer2oxford.ro/page/anul2incifre.html]
[dev.closer2oxford.ro/page/anunt_clasamente_runda_5.html]
[dev.closer2oxford.ro/page/anunt_dezbatere_runda_5.html]
[dev.closer2oxford.ro/page/arbitraj+si+clasamente.html]
[dev.closer2oxford.ro/page/arbitraj+si+clasamente+(update).html]
[dev.closer2oxford.ro/page/bucuresti_primavara.html]
[img.youtube.com/vi/FUDmJCdGDGc/1.jpg]
[img.youtube.com/vi/vOzR2nF0w5U/1.jpg]
[img.youtube.com/vi/TkM2xyqZhH4/1.jpg]
[img.youtube.com/vi/OQXJ3Zh-D9Q/1.jpg]
[img.youtube.com/vi/bbnzqA-cd4Q/1.jpg]
[img.youtube.com/vi/ENjMn4uDpNY/1.jpg]
[img.youtube.com/vi/zQEoIxk4KQw/1.jpg]
[dev.closer2oxford.ro/page/calendar-debate-9.html]
[dev.closer2oxford.ro/page/anunt+invitatie.html]
[dev.closer2oxford.ro/page/anunt_runda_11.html]
[dev.closer2oxford.ro/page/arbitraj_runda_7.html]
[dev.closer2oxford.ro/page/calendar+activitati.html]
[dev.closer2oxford.ro/page/calendar_runda_5.html]
[dev.closer2oxford.ro/page/calendar_runda_6.html]
[dev.closer2oxford.ro/page/calendar_runda_7.html]
[dev.closer2oxford.ro/page/calendar_runda_primavara.html]
[dev.closer2oxford.ro/page/calendar_runda_primavara_2014.html]
[dev.closer2oxford.ro/page/calendar_vara.html]
[dev.closer2oxford.ro/page/clasamentul-rundei.html]
[dev.closer2oxford.ro/page/clasament_runda_10.html]
[dev.closer2oxford.ro/page/calendar_runda_toamna.html]
[dev.closer2oxford.ro/page/castigatorI_primavara.html]
[dev.closer2oxford.ro/page/clasamente_runda_8.html]
[dev.closer2oxford.ro/page/clasamente_runda_9.html]
[dev.closer2oxford.ro/page/clasament_runda_6.html]
[dev.closer2oxford.ro/page/conferinta_cluj_vara.html]
[img.youtube.com/vi/_3RkQhELrcM/1.jpg]
[img.youtube.com/vi/AQinx4N4haU/1.jpg]
[img.youtube.com/vi/pNWFCgVBS2w/1.jpg]
[img.youtube.com/vi/UylquD3ZtoE/1.jpg]
[img.youtube.com/vi/JMlgh_YXIbM/1.jpg]
[img.youtube.com/vi/e7xfcDMWsgA/1.jpg]
[img.youtube.com/vi/eud3kxJ0Mfk/1.jpg]
[dev.closer2oxford.ro/page/conferinta_timisoara_vara.html]
[img.youtube.com/vi/TKsbO25XZgc/1.jpg]
[img.youtube.com/vi/a3Q06p92djQ/1.jpg]
[dev.closer2oxford.ro/uploads/2012/02/13/buc_ianinte.j6y7xc.png]
[dev.closer2oxford.ro/uploads/2012/02/13/thumb_buc_ianinte.j6y7xc.png]
[dev.closer2oxford.ro/page/clasament_runda11.html]
[dev.closer2oxford.ro/page/clasament_toamna_2011.html]
[dev.closer2oxford.ro/page/conferinta_bucuresti_vara.html]
[img.youtube.com/vi/NrKwi1Bf6no/1.jpg]
[img.youtube.com/vi/PuOMlN0p94E/1.jpg]
[img.youtube.com/vi/HRCKR5ebtco/1.jpg]
[img.youtube.com/vi/lePktS1u0ko/1.jpg]
[dev.closer2oxford.ro/page/conferinta_iasi_vara.html]
[dev.closer2oxford.ro/page/conferinte+primavara.html]
[dev.closer2oxford.ro/page/daca_ai_intarziat.html]
[img.youtube.com/vi/EKDgbDgSFS4/1.jpg]
[dev.closer2oxford.ro/page/deadine+inregistrare.html]
[img.youtube.com/vi/KTSsXjn1IG4/1.jpg]
[img.youtube.com/vi/xH6RncVFd8c/1.jpg]
[img.youtube.com/vi/INeIUZbGFns/1.jpg]
[img.youtube.com/vi/LNGe4TvGOrg/1.jpg]
[dev.closer2oxford.ro/page/deadline-uri.html]
[img.youtube.com/vi/7dC4BdXo9G0/1.jpg]
[dev.closer2oxford.ro/page/closer2oxford_trece_prutul.html]
[img.youtube.com/vi/oaAA58Lf5iQ/1.jpg]
[dev.closer2oxford.ro/page/cum_inregistrezi_echipa.html]
[dev.closer2oxford.ro/page/deadline_extins_runda_8.html]
[dev.closer2oxford.ro/page/dezbatere_parada_Buc.html]
[dev.closer2oxford.ro/uploads/2012/02/13/buc_final.3dvoun.png]
[dev.closer2oxford.ro/uploads/2012/02/13/thumb_buc_final.3dvoun.png]
[dev.closer2oxford.ro/page/dezbatere_publica_iasi_runda_5.html]
[img.youtube.com/vi/6scbfDs_LP4/1.jpg]
[img.youtube.com/vi/FI0xj6rQgDU/1.jpg]
[dev.closer2oxford.ro/page/dezbateri_bucuresti_timisoara_runda_5.html]
[img.youtube.com/vi/DlUDOUUsneM/1.jpg]
[img.youtube.com/vi/8bF3LyiirD0/1.jpg]
[dev.closer2oxford.ro/page/comunicat_presa_2011.html]
[dev.closer2oxford.ro/uploads/2012/02/13/cluj_inainte.p13dvo.png]
[dev.closer2oxford.ro/uploads/2012/02/13/thumb_cluj_inainte.p13dvo.png]
[img.youtube.com/vi/T1jYbUOpbow/1.jpg]
[dev.closer2oxford.ro/page/dezbateri_primavara.html]
[img.youtube.com/vi/EdXZN94Xv60/1.jpg]
[dev.closer2oxford.ro/page/dezbateri_publice_timisoara_toamna_2011.html]
[img.youtube.com/vi/2wHXwAEf4LI/1.jpg]
[dev.closer2oxford.ro/page/dezbateri_transcrieri_toamna.html]
[img.youtube.com/vi/xnftNVI9eHc/1.jpg]
[dev.closer2oxford.ro/page/discurs+a2+primavara.html]
[img.youtube.com/vi/g0nFnhjciEU/1.jpg]
[dev.closer2oxford.ro/page/debate_aprilie_2013.html]
[dev.closer2oxford.ro/page/dezbatere_iasi_nesupunere_civica.html]
[dev.closer2oxford.ro/page/discurs+N2.html]
[dev.closer2oxford.ro/uploads/2012/02/13/thumb_cluj_final.vounsk.png]
[dev.closer2oxford.ro/uploads/2012/02/13/cluj_final.vounsk.png]
[dev.closer2oxford.ro/uploads/2012/02/13/iasi_inainte.3dvoun.png]
[dev.closer2oxford.ro/uploads/2012/02/13/thumb_iasi_inainte.3dvoun.png]
[dev.closer2oxford.ro/page/discurs_negator1_primavara.html]
[dev.closer2oxford.ro/page/familia_ratiu.html]
[dev.closer2oxford.ro/page/final+runda+primavara.html]
[img.youtube.com/vi/hcPFBAR2cUI/1.jpg]
[img.youtube.com/vi/9F3yER8xdeE/1.jpg]
[img.youtube.com/vi/jx3H-e23aHA/1.jpg]
[img.youtube.com/vi/DM850tIZesw/1.jpg]
[dev.closer2oxford.ro/page/guest_debate_primavara_2013.html]
[dev.closer2oxford.ro/page/iasi_primavara.html]
[dev.closer2oxford.ro/page/incepe_runda_de_primavara.html]
[img.youtube.com/vi/4zgaaCFGQRU/1.jpg]
[img.youtube.com/vi/XGeuJdKgnCU/1.jpg]
[img.youtube.com/vi/t9_cQWeug4k/1.jpg]
[img.youtube.com/vi/NuR6C2JcnAc/1.jpg]
[dev.closer2oxford.ro/page/inceput_runda_10.html]
[dev.closer2oxford.ro/page/inregistrari_primavara.html]
[dev.closer2oxford.ro/page/inscrie-te.html]
[dev.closer2oxford.ro/page/interviu_2015.html]
[dev.closer2oxford.ro/uploads/2012/02/13/iasi_final.13dvou.png]
[dev.closer2oxford.ro/uploads/2012/02/13/thumb_iasi_final.13dvou.png]
[dev.closer2oxford.ro/uploads/2012/02/13/timisoara_ianinte.aei5gr.png]
[dev.closer2oxford.ro/uploads/2012/02/13/thumb_timisoara_ianinte.aei5gr.png]
[dev.closer2oxford.ro/page/jurizare_vara.html]
[dev.closer2oxford.ro/page/lansare_toamna_2011.html]
[dev.closer2oxford.ro/page/limita_cuvinte.html]
[dev.closer2oxford.ro/page/motiunea+aleasa.html]
[dev.closer2oxford.ro/uploads/2012/02/13/timisoara_final.3dvoun.png]
[dev.closer2oxford.ro/uploads/2012/02/13/thumb_timisoara_final.3dvoun.png]
[dev.closer2oxford.ro/page/dezbateri_publice9.html]
[dev.closer2oxford.ro/page/inregistrari-runda10.html]
[dev.closer2oxford.ro/page/motiunea_castigatoare_primavara.html]
[dev.closer2oxford.ro/page/inregistrari_runda_toamna_2012.html]
[dev.closer2oxford.ro/page/motiunile+votate.html]
[dev.closer2oxford.ro/page/multumiri_voluntarilor.html]
[dev.closer2oxford.ro/page/newslettere.html]
[dev.closer2oxford.ro/page/newsletter_7.html]
[dev.closer2oxford.ro/page/news_newsletter.html]
[dev.closer2oxford.ro/page/noul+calendar.html]
[dev.closer2oxford.ro/page/postare_vara_discurs2.html]
[dev.closer2oxford.ro/page/premii.html]
[dev.closer2oxford.ro/page/premii_inteligent_life_vara.html]
[img.youtube.com/vi/ou1Ow1J1oqc/1.jpg]
[dev.closer2oxford.ro/page/premii_primavara.html]
[img.youtube.com/vi/JKVQkWzo46A/1.jpg]
[dev.closer2oxford.ro/uploads/2011/09/23/inainte_buc.vmgir7.png]
[dev.closer2oxford.ro/uploads/2011/09/23/thumb_inainte_buc.vmgir7.png]
[img.youtube.com/vi/q0pEZaRzgow/1.jpg]
[img.youtube.com/vi/pH4nLmYC7OA/1.jpg]
[img.youtube.com/vi/Aju6qHOaQJk/1.jpg]
[img.youtube.com/vi/Y8dsKiSqWWA/1.jpg]
[img.youtube.com/vi/fuY8MB2vci8/1.jpg]
[img.youtube.com/vi/ZjKJnIXW85I/1.jpg]
[dev.closer2oxford.ro/uploads/2011/09/23/thumb_final_bucuresti.0iktxb.png]
[dev.closer2oxford.ro/uploads/2011/09/23/thumb_inceput_cluj.am60ik.png]
[dev.closer2oxford.ro/uploads/2011/09/23/final_bucuresti.0iktxb.png]
[dev.closer2oxford.ro/uploads/2011/09/23/inceput_cluj.am60ik.png]
[dev.closer2oxford.ro/page/premiu_gala_societatii_civile.html]
[dev.closer2oxford.ro/page/prima+runda.html]
[dev.closer2oxford.ro/page/oferta_foreign_policy.html]
[dev.closer2oxford.ro/page/premii+abonamente+toamna.html]
[dev.closer2oxford.ro/page/premii_runda4.html]
[dev.closer2oxford.ro/page/prima+zi+de+debate+online.html]
[dev.closer2oxford.ro/page/probleme+tehnice.html]
[img.youtube.com/vi/rmr6Upxwd0w/1.jpg]
[img.youtube.com/vi/svPXgFM94kA/1.jpg]
[img.youtube.com/vi/ZuQUnY_NIlk/1.jpg]
[img.youtube.com/vi/R7nm0R-1Myg/1.jpg]
[img.youtube.com/vi/sVkI91u_Qo8/1.jpg]
[img.youtube.com/vi/ipDzG9pSxTc/1.jpg]
[img.youtube.com/vi/Ca0jAAQBGVs/1.jpg]
[img.youtube.com/vi/Y-4Q_X5f8G4/1.jpg]
[dev.closer2oxford.ro/page/resurse_lectura_runda_7.html]
[dev.closer2oxford.ro/page/rezultate_runda_7.html]
[dev.closer2oxford.ro/page/premii_runda_5.html]
[dev.closer2oxford.ro/page/premii_runda_7.html]
[dev.closer2oxford.ro/page/premii_urnda_5.html]
[dev.closer2oxford.ro/page/premii_vara.html]
[dev.closer2oxford.ro/page/procedura_inregistrare.html]
[img.youtube.com/vi/2B-fy1r73wg/1.jpg]
[img.youtube.com/vi/IqPMgimkfl4/1.jpg]
[img.youtube.com/vi/cGqHUU9OW_I/1.jpg]
[img.youtube.com/vi/H7dVcJqeDCw/1.jpg]
[dev.closer2oxford.ro/page/rezultate_vara.html]
[img.youtube.com/vi/EdPKHRBJwEU/1.jpg]
[dev.closer2oxford.ro/page/rezultate_vot_runda_6.html]
[img.youtube.com/vi/zLU6kNuWH5Q/1.jpg]
[dev.closer2oxford.ro/uploads/2011/09/23/thumb_final_cluj.m60ikt.png]
[dev.closer2oxford.ro/uploads/2011/09/23/thumb_inceput_iasi.sjvam6.png]
[dev.closer2oxford.ro/uploads/2011/09/23/final_cluj.m60ikt.png]
[dev.closer2oxford.ro/uploads/2011/09/23/inceput_iasi.sjvam6.png]
[dev.closer2oxford.ro/page/runda_pirati.html]
[dev.closer2oxford.ro/page/runda_vara.html]
[dev.closer2oxford.ro/page/program_primavara.html]
[dev.closer2oxford.ro/page/resurse_runda_11.html]
[dev.closer2oxford.ro/page/rezultate+runda+de+primavara.html]
[dev.closer2oxford.ro/page/runda11_dezbateri.html]
[dev.closer2oxford.ro/page/rundele+urmatoare.html]
[img.youtube.com/vi/IFOQDEIqoXs/1.jpg]
[img.youtube.com/vi/4dD7wWwOuXg/1.jpg]
[img.youtube.com/vi/wNR4bo3owYo/1.jpg]
[img.youtube.com/vi/iPMQG6uuoWY/1.jpg]
[dev.closer2oxford.ro/page/seminarii+primavara.html]
[dev.closer2oxford.ro/page/seminarii_toamna_2011.html]
[dev.closer2oxford.ro/page/seminar_cluj_vara.html]
[img.youtube.com/vi/PDaJUqycEJM/1.jpg]
[img.youtube.com/vi/_-x0gqa-pHE/1.jpg]
[img.youtube.com/vi/qYn_xAi0UH8/1.jpg]
[dev.closer2oxford.ro/page/rolul_publicitatii_adresate_copiilor.html]
[dev.closer2oxford.ro/page/rundaLGBT_exchange.html]
[dev.closer2oxford.ro/page/seminar_iasi_timisoara_vara.html]
[dev.closer2oxford.ro/uploads/2011/09/23/thumb_final_iasi.91z5h2.png]
[dev.closer2oxford.ro/uploads/2011/09/23/inceput_timisoara.wyl91z.png]
[dev.closer2oxford.ro/uploads/2011/09/23/thumb_inceput_timisoara.wyl91z.png]
[dev.closer2oxford.ro/uploads/2011/09/23/final_iasi.91z5h2.png]
[dev.closer2oxford.ro/page/seminar_iasi_vara.html]
[dev.closer2oxford.ro/page/runda_12_iordania.html]
[dev.closer2oxford.ro/page/runda_13_incepe.html]
[dev.closer2oxford.ro/uploads/2011/09/23/final_timisoara.5h2rsj.png]
[dev.closer2oxford.ro/page/runda_5_inceput.html]
[dev.closer2oxford.ro/page/runda_5_inscrieri.html]
[dev.closer2oxford.ro/uploads/2011/09/23/thumb_final_timisoara.5h2rsj.png]
[dev.closer2oxford.ro/page/runda_8nov.html]
[dev.closer2oxford.ro/page/sesiune_qa_runda10.html]
[dev.closer2oxford.ro/page/spam.html]
[dev.closer2oxford.ro/page/stire_noi_resurse_lectura.html]
[dev.closer2oxford.ro/page/stire_perioada_inreg.html]
[dev.closer2oxford.ro/page/sugestii+de+lectura.html]
[dev.closer2oxford.ro/page/runda_doi.html]
[dev.closer2oxford.ro/page/runda_vara_final.html]
[dev.closer2oxford.ro/page/seminarii-runda9.html]
[dev.closer2oxford.ro/page/sugestii_runda_6.html]
[dev.closer2oxford.ro/page/sugestii_runda_8.html]
[dev.closer2oxford.ro/page/sugestii_runda_9.html]
[dev.closer2oxford.ro/page/sugestI_runda_10.html]
[dev.closer2oxford.ro/page/sugesti_vara.html]
[dev.closer2oxford.ro/page/seminarii_debate_in_weekend_10-11_mar.html]
[dev.closer2oxford.ro/page/seminarii_vara.html]
[dev.closer2oxford.ro/page/seminar_chisinau_primavara_2013.html]
[dev.closer2oxford.ro/page/start_inscrieri_runda_9.html]
[dev.closer2oxford.ro/page/timisoara_primavara.html]
[dev.closer2oxford.ro/page/transcrieri_vara.html]
[dev.closer2oxford.ro/page/stire_dezbatere_timisoara_runda_11.html]
[dev.closer2oxford.ro/page/studiu_dezbateri.html]
[dev.closer2oxford.ro/page/tutorial_nou.html]
[dev.closer2oxford.ro/page/update_program_primavara.html]
[dev.closer2oxford.ro/page/voteaza+motiunea.html]
[img.youtube.com/vi/gkruvIek7e8/1.jpg]
[img.youtube.com/vi/Hwixj4U3Ft0/1.jpg]
[dev.closer2oxford.ro/page/vot_runda_iv.html]
[img.youtube.com/vi/z0g4m8gwcyQ/1.jpg]
[img.youtube.com/vi/d7eOsPH9lvk/1.jpg]
[dev.closer2oxford.ro/uploads/2011/10/3/buc_inc.n36s8a.png]
[dev.closer2oxford.ro/uploads/2011/10/3/thumb_buc_inc.n36s8a.png]
[dev.closer2oxford.ro/page/zece_testimoniale_2012.html]
[img.youtube.com/vi/MAakuXhhuFc/1.jpg]
[img.youtube.com/vi/CHSAbSLTpPc/1.jpg]
[img.youtube.com/vi/vV0HuMceT0I/1.jpg]
[img.youtube.com/vi/zu0l9or2aRg/1.jpg]
[img.youtube.com/vi/uyF576dNNT4/1.jpg]
[dev.closer2oxford.ro/page/vot_vara.html]
[img.youtube.com/vi/boW6rIiCAPc/1.jpg]
[img.youtube.com/vi/K6jXz3GbREM/1.jpg]
[dev.closer2oxford.ro/css/{base}{images_folder}bg.html]
[img.youtube.com/vi/7UKn7D_QPWA/1.jpg]
[img.youtube.com/vi/KIMk7ts082Y/1.jpg]
[dev.closer2oxford.ro/css/{base}{images_folder}asc.html]
[dev.closer2oxford.ro/css/{base}{images_folder}desc.html]
[dev.closer2oxford.ro/uploads/2011/04/29/dezbatere_bucuresti_1.2mv8so.jpg]
[dev.closer2oxford.ro/uploads/2011/04/29/thumb_dezbatere_bucuresti_1.2mv8so.jpg]
[dev.closer2oxford.ro/uploads/2011/04/29/dezbatere_bucuresti_2.yh4grl.jpg]
[dev.closer2oxford.ro/uploads/2011/04/29/thumb_dezbatere_bucuresti_2.yh4grl.jpg]
[dev.closer2oxford.ro/uploads/2011/04/29/dezbatere_bucuresti_3.5f2mv8.jpg]
[dev.closer2oxford.ro/uploads/2011/04/29/thumb_dezbatere_bucuresti_3.5f2mv8.jpg]
[dev.closer2oxford.ro/uploads/2011/04/29/dezbatere_bucuresti_4.5f2mv8.jpg]
[dev.closer2oxford.ro/uploads/2011/04/29/dezbatere_bucuresti_5.wx3b7e.jpg]
[dev.closer2oxford.ro/uploads/2011/04/29/thumb_dezbatere_bucuresti_5.wx3b7e.jpg]
[dev.closer2oxford.ro/uploads/2011/04/29/dezbatere_bucuresti_6.3b7e5f.jpg]
[dev.closer2oxford.ro/uploads/2011/04/29/thumb_dezbatere_bucuresti_4.5f2mv8.jpg]
[img.youtube.com/vi/LurXE38G6z0/1.jpg]
[img.youtube.com/vi/7IRGMr6iGAY/1.jpg]
[dev.closer2oxford.ro/uploads/2011/04/29/thumb_dezbatere_bucuresti_6.3b7e5f.jpg]
[dev.closer2oxford.ro/uploads/2011/10/3/buc_final.n36s8a.png]
[dev.closer2oxford.ro/uploads/2011/10/3/thumb_buc_final.n36s8a.png]
[img.youtube.com/vi/OKh1cli8wXw/1.jpg]
[img.youtube.com/vi/JYInQOqQG-k/1.jpg]
[img.youtube.com/vi/BHOBKD9u974/1.jpg]
[img.youtube.com/vi/Alko99Duuy4/1.jpg]
[dev.closer2oxford.ro/uploads/2011/10/3/cluj_inc.xkl5go.png]
[dev.closer2oxford.ro/uploads/2011/10/3/thumb_cluj_inc.xkl5go.png]
[dev.closer2oxford.ro/uploads/2011/04/29/dezbatere_cluj_5.zkn0ur.jpg]
[dev.closer2oxford.ro/uploads/2011/04/29/thumb_dezbatere_cluj_5.zkn0ur.jpg]
[dev.closer2oxford.ro/uploads/2011/04/29/dezbatere_cluj_4.diwqei.jpg]
[dev.closer2oxford.ro/uploads/2011/04/29/thumb_dezbatere_cluj_4.diwqei.jpg]
[dev.closer2oxford.ro/uploads/2011/04/29/dezbatere_cluj_3.g9yjvo.jpg]
[dev.closer2oxford.ro/uploads/2011/04/29/thumb_dezbatere_cluj_3.g9yjvo.jpg]
[dev.closer2oxford.ro/uploads/2011/04/29/dezbatere_cluj_2.n0urhm.jpg]
[img.youtube.com/vi/0dO9cF93cbk/1.jpg]
[dev.closer2oxford.ro/page/ro/vezi_meciuri/359/index.html]
[img.youtube.com/vi/6ZZB9xkXKK0/1.jpg]
[img.youtube.com/vi/vd0S1uXuzic/1.jpg]
[dev.closer2oxford.ro/uploads/2011/04/29/thumb_dezbatere_cluj_2.n0urhm.jpg]
[dev.closer2oxford.ro/uploads/2011/04/29/thumb_dezbatere_cluj_1.34a8ft.jpg]
[dev.closer2oxford.ro/uploads/2011/04/29/dezbatere_cluj_1.34a8ft.jpg]
[dev.closer2oxford.ro/uploads/2011/10/3/thumb_cluj_final.0drqu9.png]
[dev.closer2oxford.ro/uploads/2011/10/3/cluj_final.0drqu9.png]
[dev.closer2oxford.ro/uploads/2011/10/3/thumb_iasi_inc.avmti4.png]
[dev.closer2oxford.ro/uploads/2011/10/3/iasi_inc.avmti4.png]
[www.era-comm.eu/oldoku/Adiskri/01_Overview/2011_04 Chopin_EN.pdf]
[dev.closer2oxford.ro/page/ro/vezi_meciuri/357/index.html]
[dev.closer2oxford.ro/page/ro/vezi_meciuri/349/index.html]
[dev.closer2oxford.ro/page/ro/vezi_meciuri/353/index.html]
[dev.closer2oxford.ro/page/ro/vezi_meciuri/363/index.html]
[dev.closer2oxford.ro/page/ro/vezi_meciuri/361/index.html]
[img.youtube.com/vi/r2Y0YfRvxmk/1.jpg]
[img.youtube.com/vi/TJi4_JMuZ2Y/1.jpg]
[img.youtube.com/vi/JX3qLPkQkLI/1.jpg]
[img.youtube.com/vi/BJcupHcuYhY/1.jpg]
[dev.closer2oxford.ro/page/ro/vezi_meciuri/356/index.html]
[cncd.org.ro/files/file/Raport de cercetare CNCD_Discriminare.265.delayed]
[dev.closer2oxford.ro/uploads/2011/04/29/thumb_dezbatere_iasi_1.diwqei.jpg]
[dev.closer2oxford.ro/uploads/2011/04/29/dezbatere_iasi_1.diwqei.jpg]
[dev.closer2oxford.ro/page/ro/vezi_meciuri/355/index.html]
[dev.closer2oxford.ro/uploads/2011/04/29/dezbatere_iasi_2.xg9yjv.jpg]
[dev.closer2oxford.ro/uploads/2011/04/29/thumb_dezbatere_iasi_2.xg9yjv.jpg]
[dev.closer2oxford.ro/uploads/2011/04/29/dezbatere_iasi_3.vo34a8.jpg]
[dev.closer2oxford.ro/uploads/2011/04/29/thumb_dezbatere_iasi_3.vo34a8.jpg]
[dev.closer2oxford.ro/page/ro/vezi_meciuri/351/index.html]
[www.homosexualitate.ro/resurse/tactici.267.delayed]
[dev.closer2oxford.ro/uploads/2011/04/29/dezbatere_iasi_4.urhmls.jpg]
[dev.closer2oxford.ro/page/ro/vezi_meciuri/362/index.html]
[dev.closer2oxford.ro/uploads/2011/04/29/thumb_dezbatere_iasi_4.urhmls.jpg]
[dev.closer2oxford.ro/uploads/2011/04/29/dezbatere_iasi_5.34a8ft.jpg]
[dev.closer2oxford.ro/page/ro/vezi_meciuri/354/index.html]
[dev.closer2oxford.ro/uploads/2011/04/29/thumb_dezbatere_iasi_5.34a8ft.jpg]
[dev.closer2oxford.ro/uploads/2011/04/29/dezbatere_iasi_6.i2bzkn.jpg]
[dev.closer2oxford.ro/uploads/2011/04/29/thumb_dezbatere_iasi_6.i2bzkn.jpg]
[img.youtube.com/vi/seam09X5_Ck/1.jpg]
[dev.closer2oxford.ro/page/ro/vezi_meciuri/358/index.html]
[dev.closer2oxford.ro/page/ro/vezi_meciuri/350/index.html]
[img.youtube.com/vi/dfEXV8LacUU/1.jpg]
[img.youtube.com/vi/GM2s8F7pgS8/1.jpg]
[img.youtube.com/vi/kLJ9_nN27EM/1.jpg]
[dev.closer2oxford.ro/page/clasamente/13.html]
[dev.closer2oxford.ro/page/ro/vezi_meciuri/325/index.html]
[img.youtube.com/vi/sGt-LTmuVI4/1.jpg]
[img.youtube.com/vi/uObimGVliaI/1.jpg]
[img.youtube.com/vi/J2ckUIrv0_8/1.jpg]
[dev.closer2oxford.ro/page/ro/vezi_meciuri/304/index.html]
[dev.closer2oxford.ro/uploads/2011/10/3/iasi_final.1xkl5g.png]
[dev.closer2oxford.ro/page/ro/vezi_meciuri/308/index.html]
[dev.closer2oxford.ro/uploads/2011/10/3/thumb_iasi_final.1xkl5g.png]
[dev.closer2oxford.ro/uploads/2011/10/3/timisoara_inc.xkl5go.png]
[dev.closer2oxford.ro/uploads/2011/10/3/thumb_timisoara_inc.xkl5go.png]
[dev.closer2oxford.ro/page/ro/vezi_meciuri/329/index.html]
[dev.closer2oxford.ro/uploads/2011/04/29/dezbatere_timisoara_1.iknczd.jpg]
[dev.closer2oxford.ro/uploads/2011/04/29/thumb_dezbatere_timisoara_1.iknczd.jpg]
[dev.closer2oxford.ro/uploads/2011/04/29/dezbatere_timisoara_2.4grlwx.jpg]
[dev.closer2oxford.ro/uploads/2011/04/29/thumb_dezbatere_timisoara_2.4grlwx.jpg]
[www.anosr.ro/wp-content/uploads/2012/07/Responsabilitate-pentru-educatie.pdf]
[dev.closer2oxford.ro/uploads/2011/04/29/dezbatere_timisoara_3.5f2mv8.jpg]
[dev.closer2oxford.ro/uploads/2011/04/29/thumb_dezbatere_timisoara_3.5f2mv8.jpg]
[dev.closer2oxford.ro/uploads/2011/04/29/dezbatere_timisoara_4.yh4grl.jpg]
[dev.closer2oxford.ro/uploads/2011/04/29/thumb_dezbatere_timisoara_4.yh4grl.jpg]
[dev.closer2oxford.ro/uploads/2011/04/29/thumb_dezbatere_timisoara_5.jt1au6.jpg]
[dev.closer2oxford.ro/uploads/2011/04/29/dezbatere_timisoara_5.jt1au6.jpg]
[dev.closer2oxford.ro/uploads/2011/10/3/timisoara_final.rqu9z7.png]
[dev.closer2oxford.ro/uploads/2011/10/3/thumb_timisoara_final.rqu9z7.png]
[www.artscouncil.org.uk/media/uploads/pdf/CEBR_economic_report_web_version_0513.26c.delayed]
[dev.closer2oxford.ro/page/ro/vezi_meciuri/326/index.html]
[dev.closer2oxford.ro/page/ro/vezi_meciuri/318/index.html]
[dev.closer2oxford.ro/page/ro/vezi_meciuri/310/index.html]
[dev.closer2oxford.ro/page/ro/vezi_meciuri/316/index.html]
[dev.closer2oxford.ro/page/ro/vezi_meciuri/332/index.html]
[dev.closer2oxford.ro/page/ro/vezi_meciuri/305/index.html]
[dev.closer2oxford.ro/page/ro/vezi_meciuri/306/index.html]
[dev.closer2oxford.ro/page/ro/vezi_meciuri/323/index.html]
[dev.closer2oxford.ro/page/ro/vezi_meciuri/322/index.html]
[dev.closer2oxford.ro/page/ro/vezi_meciuri/317/index.html]
[dev.closer2oxford.ro/page/ro/vezi_meciuri/324/index.html]
[dev.closer2oxford.ro/page/ro/vezi_meciuri/307/index.html]
[b.vimeocdn.com/ts/113/107/113107858_100.jpg]
[b.vimeocdn.com/ts/113/053/113053729_100.jpg]
[dev.closer2oxford.ro/page/ro/vezi_meciuri/313/index.html]
[b.vimeocdn.com/ts/113/110/113110856_100.jpg]
[b.vimeocdn.com/ts/113/094/113094653_100.jpg]
[b.vimeocdn.com/ts/113/113/113113889_100.jpg]
[dev.closer2oxford.ro/page/ro/vezi_meciuri/309/index.html]
[dev.closer2oxford.ro/page/ro/vezi_meciuri/331/index.html]
[b.vimeocdn.com/ts/113/099/113099074_100.jpg]
[dev.closer2oxford.ro/page/ro/vezi_meciuri/321/index.html]
[dev.closer2oxford.ro/uploads/2011/01/5/bucuresti_initial.muchrn.png]
[dev.closer2oxford.ro/uploads/2011/01/5/thumb_bucuresti_initial.muchrn.png]
[dev.closer2oxford.ro/uploads/2011/01/9/bucuresti3.vg125b.jpg]
[dev.closer2oxford.ro/uploads/2011/01/9/thumb_bucuresti3.vg125b.jpg]
[dev.closer2oxford.ro/uploads/2011/01/9/thumb_bucuresti5.wa8lcf.jpg]
[dev.closer2oxford.ro/uploads/2011/01/9/bucuresti5.wa8lcf.jpg]
[dev.closer2oxford.ro/uploads/2011/01/9/bucuresti6.tkr3ei.jpg]
[dev.closer2oxford.ro/uploads/2011/01/9/thumb_bucuresti6.tkr3ei.jpg]
[dev.closer2oxford.ro/uploads/2011/01/9/bucuresti2.lcfzq0.jpg]
[dev.closer2oxford.ro/uploads/2011/01/9/bucuresti7.sdptkr.jpg]
[dev.closer2oxford.ro/uploads/2011/01/9/thumb_bucuresti7.sdptkr.jpg]
[dev.closer2oxford.ro/uploads/2011/01/9/thumb_bucuresti2.lcfzq0.jpg]
[dev.closer2oxford.ro/uploads/2011/01/9/bucuresti4.fzq0hu.jpg]
[ziareromania.ro/img/header/ziare_logo_head.jpg]
[dev.closer2oxford.ro/page/ro/vezi_meciuri/312/index.html]
[dev.closer2oxford.ro/uploads/2011/01/9/thumb_bucuresti4.fzq0hu.jpg]
[dev.closer2oxford.ro/uploads/2011/01/9/bucuresti1.r3eiom.jpg]
[dev.closer2oxford.ro/uploads/2011/01/9/thumb_bucuresti1.r3eiom.jpg]
[dev.closer2oxford.ro/page/ro/vezi_meciuri/311/index.html]
[dev.closer2oxford.ro/uploads/2011/01/5/bucuresti_final.jzbpx9.png]
[dev.closer2oxford.ro/uploads/2011/01/5/thumb_bucuresti_final.jzbpx9.png]
[dev.closer2oxford.ro/page/ro/vezi_meciuri/315/index.html]
[dev.closer2oxford.ro/uploads/2011/01/5/cluj_initial.x9lo6q.png]
[dev.closer2oxford.ro/page/ro/vezi_meciuri/328/index.html]
[dev.closer2oxford.ro/uploads/2011/01/5/thumb_cluj_initial.x9lo6q.png]
[www.management.ase.ro/reveconomia/2005-1/6.pdf]
[dev.closer2oxford.ro/uploads/2011/01/6/cluj1.z67drh.jpg]
[dev.closer2oxford.ro/uploads/2011/01/6/cluj5.ez67dr.jpg]
[dev.closer2oxford.ro/uploads/2011/01/6/thumb_cluj5.ez67dr.jpg]
[dev.closer2oxford.ro/uploads/2011/01/6/thumb_cluj1.z67drh.jpg]
[dev.closer2oxford.ro/uploads/2011/01/6/cluj6.qo5x1g.jpg]
[dev.closer2oxford.ro/uploads/2011/01/6/thumb_cluj6.qo5x1g.jpg]
[dev.closer2oxford.ro/page/ro/vezi_meciuri/319/index.html]
[dev.closer2oxford.ro/uploads/2011/01/6/cluj4.2cuez6.jpg]
[dev.closer2oxford.ro/uploads/2011/01/6/thumb_cluj4.2cuez6.jpg]
[dev.closer2oxford.ro/uploads/2011/01/6/cluj3.cuez67.jpg]
[dev.closer2oxford.ro/uploads/2011/01/6/thumb_cluj3.cuez67.jpg]
[dev.closer2oxford.ro/uploads/2011/01/6/cluj2.5x1git.jpg]
[dev.closer2oxford.ro/uploads/2011/01/6/thumb_cluj2.5x1git.jpg]
[dev.closer2oxford.ro/uploads/2011/01/6/cluj7.0wambs.jpg]
[www.cnp.ro/inovatie/docs/seminar-studii-25-06-2012/Rezumat studiu Piata muncii.pdf]
[dev.closer2oxford.ro/page/ro/vezi_meciuri/314/index.html]
[www.echr.coe.int/Documents/Convention_RON.pdf]
[dev.closer2oxford.ro/uploads/2011/01/6/thumb_cluj7.0wambs.jpg]
[dev.closer2oxford.ro/uploads/2011/01/5/cluj_final.y8djzb.png]
[dev.closer2oxford.ro/uploads/2011/01/5/thumb_cluj_final.y8djzb.png]
[dev.closer2oxford.ro/uploads/2011/01/5/iasi_initial.1tifsg.png]
[dev.closer2oxford.ro/uploads/2011/01/5/thumb_iasi_initial.1tifsg.png]
[dev.closer2oxford.ro/page/ro/vezi_meciuri/327/index.html]
[dev.closer2oxford.ro/page/ro/vezi_meciuri/284/index.html]
[dev.closer2oxford.ro/uploads/2011/01/9/iasi4.lcfzq0.jpg]
[dev.closer2oxford.ro/uploads/2011/01/9/thumb_iasi4.lcfzq0.jpg]
[dev.closer2oxford.ro/uploads/2011/01/9/iasi6.zq0hun.jpg]
[dev.closer2oxford.ro/uploads/2011/01/9/thumb_iasi6.zq0hun.jpg]
[dev.closer2oxford.ro/uploads/2011/01/9/iasi7.vg125b.jpg]
[dev.closer2oxford.ro/page/ro/vezi_meciuri/281/index.html]
[dev.closer2oxford.ro/page/ro/vezi_meciuri/278/index.html]
[dev.closer2oxford.ro/uploads/2011/01/9/thumb_iasi7.vg125b.jpg]
[dev.closer2oxford.ro/uploads/2011/01/9/iasi2.tkr3ei.jpg]
[dev.closer2oxford.ro/uploads/2011/01/9/thumb_iasi2.tkr3ei.jpg]
[dev.closer2oxford.ro/page/ro/vezi_meciuri/290/index.html]
[dev.closer2oxford.ro/uploads/2011/01/9/iasi1.m9wa8l.jpg]
[dev.closer2oxford.ro/uploads/2011/01/9/thumb_iasi1.m9wa8l.jpg]
[dev.closer2oxford.ro/uploads/2011/01/9/iasi3.125b4s.jpg]
[dev.closer2oxford.ro/uploads/2011/01/9/thumb_iasi3.125b4s.jpg]
[dev.closer2oxford.ro/uploads/2011/01/5/iasi_final.sgai35.png]
[dev.closer2oxford.ro/uploads/2011/01/5/thumb_iasi_final.sgai35.png]
[dev.closer2oxford.ro/uploads/2011/01/5/timisoara_initial.px9lo6.png]
[img.youtube.com/vi/kI_So_HusKA/1.jpg]
[img.youtube.com/vi/vkY36DFvxqI/1.jpg]
[img.youtube.com/vi/t1i4GXYKfns/1.jpg]
[img.youtube.com/vi/FOJMomz9ElE/1.jpg]
[dev.closer2oxford.ro/uploads/2011/01/5/thumb_timisoara_initial.px9lo6.png]
[dev.closer2oxford.ro/uploads/2011/01/6/timi5.jkqo5x.jpg]
[dev.closer2oxford.ro/page/ro/vezi_meciuri/270/index.html]
[dev.closer2oxford.ro/uploads/2011/01/6/thumb_timi5.jkqo5x.jpg]
[dev.closer2oxford.ro/uploads/2011/01/6/timi4.5x1git.jpg]
[dev.closer2oxford.ro/uploads/2011/01/6/thumb_timi4.5x1git.jpg]
[dev.closer2oxford.ro/uploads/2011/01/6/timi3.it3l0w.jpg]
[dev.closer2oxford.ro/page/ro/vezi_meciuri/280/index.html]
[dev.closer2oxford.ro/uploads/2011/01/6/thumb_timi3.it3l0w.jpg]
[dev.closer2oxford.ro/uploads/2011/01/6/timi2.1git3l.jpg]
[dev.closer2oxford.ro/uploads/2011/01/6/thumb_timi2.1git3l.jpg]
[dev.closer2oxford.ro/uploads/2011/01/6/timi1.67drhi.jpg]
[dev.closer2oxford.ro/page/ro/vezi_meciuri/283/index.html]
[dev.closer2oxford.ro/uploads/2011/01/6/thumb_timi1.67drhi.jpg]
[dev.closer2oxford.ro/uploads/2011/01/6/timi6.l0wamb.jpg]
[dev.closer2oxford.ro/page/ro/vezi_meciuri/287/index.html]
[dev.closer2oxford.ro/uploads/2011/01/6/thumb_timi6.l0wamb.jpg]
[dev.closer2oxford.ro/uploads/2011/01/5/timisoara_final.kmuchr.png]
[dev.closer2oxford.ro/uploads/2011/01/5/thumb_timisoara_final.kmuchr.png]
[dev.closer2oxford.ro/images/submeniu.jpg]
[dev.closer2oxford.ro/images/layout/list.png]
[dev.closer2oxford.ro/images/finantator.jpg]
[www.equalrightstrust.org/ertdocumentbank/Romanian translation.pdf]
[dev.closer2oxford.ro/images/pointer.gif]
[dev.closer2oxford.ro/images/colt.jpg]
[dev.closer2oxford.ro/images/sigle/pixmap2.jpg]
[dev.closer2oxford.ro/images/sigle/diwanieh.png]
[www.transparency.md/Docs/cor_mol_ro.27f.delayed]
[dev.closer2oxford.ro/images/sigle/ALF_logo_small.jpg]
[dev.closer2oxford.ro/page/ro/vezi_meciuri/282/index.html]
[dev.closer2oxford.ro/documents/cluburi/coach.pdf]
[dev.closer2oxford.ro/documents/cluburi/trainer.pdf]
[dev.closer2oxford.ro/page/ro/vezi_meciuri/276/index.html]
[dev.closer2oxford.ro/documents/cluburi/profesor.pdf]
[dev.closer2oxford.ro/documents/cluburi/arbitru.pdf]
[dev.closer2oxford.ro/images/oameni/laura_bretea.jpg]
[dev.closer2oxford.ro/page/ro/vezi_meciuri/298/index.html]
[dev.closer2oxford.ro/images/oameni/ioana_cionea.jpg]
[dev.closer2oxford.ro/images/oameni/ioana_covei.jpg]
[dev.closer2oxford.ro/images/oameni/horia.ciochina.jpg]
[dev.closer2oxford.ro/page/ro/vezi_meciuri/295/index.html]
[dev.closer2oxford.ro/images/oameni/victor_draghicescu.jpg]
[dev.closer2oxford.ro/images/oameni/alina_girbea.jpg]
[dev.closer2oxford.ro/page/ro/vezi_meciuri/268/index.html]
[dev.closer2oxford.ro/images/oameni/Simina Gheorghinca.jpg]
[dev.closer2oxford.ro/images/oameni/mihaela_gherghe.jpg]
[dev.closer2oxford.ro/images/oameni/teodora.graur.jpg]
[dev.closer2oxford.ro/page/ro/vezi_meciuri/302/index.html]
[dev.closer2oxford.ro/images/oameni/stefan_ionescu.jpg]
[dev.closer2oxford.ro/images/oameni/radu_jakab.jpg]
[dev.closer2oxford.ro/images/oameni/jiglau.jpg]
[dev.closer2oxford.ro/images/oameni/george_maxim.jpg]
[dev.closer2oxford.ro/images/oameni/david.jpg]
[dev.closer2oxford.ro/images/oameni/Ioan Nascu.jpg]
[dev.closer2oxford.ro/images/oameni/radu_ocrain.jpg]
[dev.closer2oxford.ro/images/oameni/pusca.jpg]
[dev.closer2oxford.ro/images/oameni/cristina.rosu.jpg]
[dev.closer2oxford.ro/images/oameni/bogdan_ratiu.jpg]
[dev.closer2oxford.ro/documents/regulament_dezbateri.pdf]
[dev.closer2oxford.ro/uploads/2011/10/22/Tutorial_Closer2Oxford.u8ngkp.pdf]
[dev.closer2oxford.ro/documents/kit/kit_argumentare_c2o.pdf]
[dev.closer2oxford.ro/documents/kit/reguli_de_redactare_c2o.pdf]
[dev.closer2oxford.ro/documents/kit/standarde_citare_c2o.pdf]
[www.wall-street.ro/files/131509-255.pdf]
[dev.closer2oxford.ro/page/ro/vezi_meciuri/292/index.html]
[dev.closer2oxford.ro/page/ro/vezi_meciuri/301/index.html]
[dev.closer2oxford.ro/page/ro/vezi_meciuri/297/index.html]
[dev.closer2oxford.ro/page/ro/vezi_meciuri/299/index.html]
[dev.closer2oxford.ro/page/ro/vezi_meciuri/274/index.html]
[sar.org.ro/files/529_Policy memo46.pdf]
[www.cerealfacts.org/media/Cereal_FACTS_Report_2012_7.12.pdf]
[dev.closer2oxford.ro/page/ro/vezi_meciuri/269/index.html]
[dev.closer2oxford.ro/page/ro/vezi_meciuri/300/index.html]
[dev.closer2oxford.ro/documents/dezbatere_demonstrativa.pdf]
[dev.closer2oxford.ro/documents/regulament_arbitraj.pdf]
[dev.closer2oxford.ro/page/ro/vezi_meciuri/265/index.html]
[dev.closer2oxford.ro/uploads/2012/06/12/Freedom_in_the_World_2012.ntevkc.pdf]
[dev.closer2oxford.ro/uploads/2012/06/12/Democracy_Index_2011.5yjahi.pdf]
[dev.closer2oxford.ro/uploads/2012/06/12/The_Rise_of_Illiberal_Democracy.gf1ruw.pdf]
[dev.closer2oxford.ro/page/ro/vezi_meciuri/267/index.html]
[dev.closer2oxford.ro/uploads/2012/06/12/Triumphant_Turkey.c0zqx3.pdf]
[dev.closer2oxford.ro/page/ro/vezi_meciuri/296/index.html]
[helda.helsinki.fi/bitstream/handle/10138/18311/religion3640.pdf]
[dev.closer2oxford.ro/uploads/2012/06/12/The_Arab_Counterrevolution.yjahim.pdf]
[dev.closer2oxford.ro/page/ro/vezi_meciuri/266/index.html]
[dev.closer2oxford.ro/page/ro/vezi_meciuri/294/index.html]
[ires.ro/uploads/articole/ires_cncd_perceptii-si-atitudini-privind-discriminarea-2013.pdf]
[dev.closer2oxford.ro/uploads/2010/10/30/starea_de_fapt_cateva_repere.doc]
[dev.closer2oxford.ro/page/ro/vezi_meciuri/273/index.html]
[dev.closer2oxford.ro/page/ro/vezi_meciuri/264/index.html]
[dev.closer2oxford.ro/page/ro/vezi_meciuri/275/index.html]
[dev.closer2oxford.ro/uploads/2014/02/4/Online_debate_format_Closer2Oxford_meets_Diwanieh.df01v5.pdf]
[dev.closer2oxford.ro/uploads/2013/07/29/Banner_dezbateri.8dkrmb.jpg]
[dev.closer2oxford.ro/page/ro/vezi_meciuri/288/index.html]
[dev.closer2oxford.ro/uploads/2011/08/8/In_acest_newsletter_puteti_citi.uiaif0.pdf]
[dev.closer2oxford.ro/uploads/2011/08/8/salut.lo1hrk.pdf]
[dev.closer2oxford.ro/page/ro/vezi_meciuri/271/index.html]
[dev.closer2oxford.ro/uploads/2011/08/8/Cuprins.lo1hrk.pdf]
[dev.closer2oxford.ro/uploads/2011/08/8/Closer_to_Oxford_continua_si_la_toamna.bnt6ui.pdf]
[dev.closer2oxford.ro/page/ro/vezi_meciuri/289/index.html]
[dev.closer2oxford.ro/uploads/2011/10/17/Newsletter_5.oaj2cd.pdf]
[dev.closer2oxford.ro/page/ro/vezi_meciuri/279/index.html]
[dev.closer2oxford.ro/uploads/2011/10/24/newsletter6.ed0giq.pdf]
[dev.closer2oxford.ro/uploads/2012/05/31/Newsletter_Closer_2_Oxford_-_Runda_speciala.b60awp.pdf]
[dev.closer2oxford.ro/page/ro/vezi_meciuri/272/index.html]
[dev.closer2oxford.ro/uploads/2011/07/22/gala_grup.81ixvr.jpg]
[www.globalpolicy.org/images/pdfs/0308opinion.pdf]
[dev.closer2oxford.ro/page/ro/vezi_meciuri/303/index.html]
[dev.closer2oxford.ro/uploads/2011/07/22/thumb_gala_grup.81ixvr.jpg]
[dev.closer2oxford.ro/uploads/2011/07/22/gala_ardor.u2zaln.jpg]
[dev.closer2oxford.ro/page/ro/vezi_meciuri/286/index.html]
[dev.closer2oxford.ro/uploads/2011/07/22/thumb_gala_ardor.u2zaln.jpg]
[dev.closer2oxford.ro/uploads/2013/07/31/dezbatere_C2O_ARDOR_Cluj_George_Jiglu_Andreea_Oet_Irina_Negruiu_Ovidiu_Podaru.euk9oc.html]
[dev.closer2oxford.ro/page/ro/vezi_meciuri/230/index.html]
[dev.closer2oxford.ro/uploads/2011/07/22/gala.zalno4.jpg]
[dev.closer2oxford.ro/uploads/2011/07/22/thumb_gala.zalno4.jpg]
[dev.closer2oxford.ro/uploads/2012/10/2/Ce_spun_invitatii_nostri_despre_Closer_to_Oxford.zj013i.pdf]
[web.law.columbia.edu/sites/default/files/microsites/law-theory-workshop/files/Cameron - Post-Soviet Affairs.pdf]
[mail.google.com/mail/u/0/images/cleardot.gif]
[www.peterleeson.com/democratic_domino_theory.pdf]
[freedomhouse.org/sites/default/files/Freedom in the World 2014 Booklet.pdf]
[dev.closer2oxford.ro/page/ro/vezi_meciuri/244/index.html]
[dev.closer2oxford.ro/page/ro/vezi_meciuri/233/index.html]
[dev.closer2oxford.ro/page/ro/vezi_meciuri/241/index.html]
[www.utgjiu.ro/revista/jur/pdf/2010-01/8_SNEZANA_BRKIC.pdf]
[dev.closer2oxford.ro/page/ro/vezi_meciuri/238/index.html]
[dev.closer2oxford.ro/page/ro/vezi_meciuri/242/index.html]
[dev.closer2oxford.ro/page/ro/vezi_meciuri/245/index.html]
[dev.closer2oxford.ro/page/ro/vezi_meciuri/249/index.html]
[dev.closer2oxford.ro/page/ro/vezi_meciuri/247/index.html]
[dev.closer2oxford.ro/page/ro/vezi_meciuri/234/index.html]
[dev.closer2oxford.ro/page/ro/vezi_meciuri/250/index.html]
[dev.closer2oxford.ro/page/ro/vezi_meciuri/251/index.html]
[dev.closer2oxford.ro/page/ro/vezi_meciuri/243/index.html]
[dev.closer2oxford.ro/page/ro/vezi_meciuri/240/index.html]
[dev.closer2oxford.ro/page/ro/vezi_meciuri/252/index.html]
[dev.closer2oxford.ro/page/ro/vezi_meciuri/248/index.html]
[dev.closer2oxford.ro/page/ro/vezi_meciuri/231/index.html]
[dev.closer2oxford.ro/page/ro/vezi_meciuri/237/index.html]
[dev.closer2oxford.ro/page/ro/vezi_meciuri/235/index.html]
[dev.closer2oxford.ro/page/ro/vezi_meciuri/239/index.html]
[dev.closer2oxford.ro/page/ro/vezi_meciuri/236/index.html]
[dev.closer2oxford.ro/page/ro/vezi_meciuri/205/index.html]
[dev.closer2oxford.ro/page/ro/vezi_meciuri/224/index.html]
[dev.closer2oxford.ro/page/ro/vezi_meciuri/210/index.html]
[dev.closer2oxford.ro/page/ro/vezi_meciuri/228/index.html]
[dev.closer2oxford.ro/page/ro/vezi_meciuri/213/index.html]
[dev.closer2oxford.ro/page/ro/vezi_meciuri/209/index.html]
[dev.closer2oxford.ro/page/ro/vezi_meciuri/202/index.html]
[dev.closer2oxford.ro/page/ro/vezi_meciuri/219/index.html]
[dev.closer2oxford.ro/page/ro/vezi_meciuri/225/index.html]
[dev.closer2oxford.ro/page/ro/vezi_meciuri/221/index.html]
[dev.closer2oxford.ro/page/ro/vezi_meciuri/216/index.html]
[dev.closer2oxford.ro/page/ro/vezi_meciuri/204/index.html]
[dev.closer2oxford.ro/page/ro/vezi_meciuri/226/index.html]
[dev.closer2oxford.ro/page/ro/vezi_meciuri/218/index.html]
[www.umfcv.ro/files/o/b/Obezitatea primara la copil, aspecte etiopatogenice, clinice si profilactice.pdf]
[dev.closer2oxford.ro/page/ro/vezi_meciuri/217/index.html]
[dev.closer2oxford.ro/page/ro/vezi_meciuri/208/index.html]
[dev.closer2oxford.ro/page/ro/vezi_meciuri/215/index.html]
[dev.closer2oxford.ro/page/ro/vezi_meciuri/212/index.html]
[dev.closer2oxford.ro/page/ro/vezi_meciuri/220/index.html]
[dev.closer2oxford.ro/page/ro/vezi_meciuri/203/index.html]
[dev.closer2oxford.ro/page/ro/vezi_meciuri/206/index.html]
[commercialfreechildhood.org/wp-content/uploads/archive/violence.pdf]
[www.phaii.org/uploads/xstandard/Television advertising & children.html]
[dev.closer2oxford.ro/page/ro/vezi_meciuri/207/index.html]
[dev.closer2oxford.ro/page/ro/vezi_meciuri/198/index.html]
[www.diaspora-centre.org/DOCS/PeaceinSudan.pdf]
[dev.closer2oxford.ro/page/ro/vezi_meciuri/201/index.html]
[dev.closer2oxford.ro/page/ro/vezi_meciuri/197/index.html]
[dev.closer2oxford.ro/page/ro/vezi_meciuri/199/index.html]
[dev.closer2oxford.ro/page/ro/vezi_meciuri/192/index.html]
[dev.closer2oxford.ro/page/ro/vezi_meciuri/191/index.html]
[dev.closer2oxford.ro/page/ro/vezi_meciuri/193/index.html]
[dev.closer2oxford.ro/page/ro/vezi_meciuri/195/index.html]
[dev.closer2oxford.ro/page/ro/vezi_meciuri/194/index.html]
[dev.closer2oxford.ro/page/ro/vezi_meciuri/200/index.html]
[dev.closer2oxford.ro/page/ro/vezi_meciuri/189/index.html]
[dev.closer2oxford.ro/page/ro/vezi_meciuri/190/index.html]
[dev.closer2oxford.ro/page/ro/vezi_meciuri/196/index.html]
[dev.closer2oxford.ro/page/ro/vezi_meciuri/180/index.html]
[dev.closer2oxford.ro/page/ro/vezi_meciuri/185/index.html]
[dev.closer2oxford.ro/page/ro/vezi_meciuri/173/index.html]
[dev.closer2oxford.ro/page/ro/vezi_meciuri/179/index.html]
[dev.closer2oxford.ro/page/ro/vezi_meciuri/167/index.html]
[dev.closer2oxford.ro/page/ro/vezi_meciuri/175/index.html]
[hdr.undp.org/en/media/HDR_2009_EN_Complete.html]
[dev.closer2oxford.ro/page/ro/vezi_meciuri/186/index.html]
[dev.closer2oxford.ro/page/ro/vezi_meciuri/171/index.html]
[dev.closer2oxford.ro/page/ro/vezi_meciuri/183/index.html]
[dev.closer2oxford.ro/page/ro/vezi_meciuri/184/index.html]
[dev.closer2oxford.ro/page/ro/vezi_meciuri/174/index.html]
[dev.closer2oxford.ro/page/ro/vezi_meciuri/188/index.html]
[dev.closer2oxford.ro/page/ro/vezi_meciuri/170/index.html]
[dev.closer2oxford.ro/page/ro/vezi_meciuri/177/index.html]
[dev.closer2oxford.ro/page/ro/vezi_meciuri/166/index.html]
[dev.closer2oxford.ro/page/ro/vezi_meciuri/172/index.html]
[dev.closer2oxford.ro/page/ro/vezi_meciuri/176/index.html]
[dev.closer2oxford.ro/page/ro/vezi_meciuri/178/index.html]
[dev.closer2oxford.ro/page/ro/vezi_meciuri/181/index.html]
[dev.closer2oxford.ro/page/ro/vezi_meciuri/187/index.html]
[dev.closer2oxford.ro/page/ro/vezi_meciuri/168/index.html]
[dev.closer2oxford.ro/page/ro/vezi_meciuri/151/index.html]
[dev.closer2oxford.ro/page/ro/vezi_meciuri/152/index.html]
[dev.closer2oxford.ro/page/ro/vezi_meciuri/146/index.html]
[dev.closer2oxford.ro/page/ro/vezi_meciuri/148/index.html]
[dev.closer2oxford.ro/page/ro/vezi_meciuri/153/index.html]
[dev.closer2oxford.ro/page/ro/vezi_meciuri/145/index.html]
[dev.closer2oxford.ro/page/ro/vezi_meciuri/162/index.html]
[dev.closer2oxford.ro/page/ro/vezi_meciuri/143/index.html]
[dev.closer2oxford.ro/page/ro/vezi_meciuri/160/index.html]
[dev.closer2oxford.ro/page/ro/vezi_meciuri/154/index.html]
[dev.closer2oxford.ro/page/ro/vezi_meciuri/144/index.html]
[dev.closer2oxford.ro/page/ro/vezi_meciuri/140/index.html]
[dev.closer2oxford.ro/page/ro/vezi_meciuri/156/index.html]
[dev.closer2oxford.ro/page/ro/vezi_meciuri/163/index.html]
[dev.closer2oxford.ro/page/ro/vezi_meciuri/157/index.html]
[dev.closer2oxford.ro/page/ro/vezi_meciuri/141/index.html]
[dev.closer2oxford.ro/page/ro/vezi_meciuri/165/index.html]
[dev.closer2oxford.ro/page/ro/vezi_meciuri/149/index.html]
[dev.closer2oxford.ro/page/ro/vezi_meciuri/155/index.html]
[dev.closer2oxford.ro/page/ro/vezi_meciuri/158/index.html]
[dev.closer2oxford.ro/page/ro/vezi_meciuri/159/index.html]
[dev.closer2oxford.ro/page/ro/vezi_meciuri/150/index.html]
[dev.closer2oxford.ro/page/ro/vezi_meciuri/142/index.html]
[users.ox.ac.uk/_oaces/conference/papers/Joerg_Forbrig.pdf]
[dev.closer2oxford.ro/page/ro/vezi_meciuri/147/index.html]
[www.apd.ro/files/publicatii/ Ghid_birouri_parlamentare.2a9.delayed]
[dev.closer2oxford.ro/page/ro/vezi_meciuri/164/index.html]
[www.crestinism-ortodox.ro/TEXTE/LegeaCultelor-Nr489-2006.2ad.delayed]
[www.oocities.org/infecto_zine/Infecto_3/Pag27.pdf]
[dev.closer2oxford.ro/page/ro/vezi_meciuri/127/index.html]
[dev.closer2oxford.ro/page/ro/vezi_meciuri/108/index.html]
[www.echr.coe.int/NR/rdonlyres/E7126929-2E4A-43FB-91A3-B2B4F4D66BEC/0/ROU_CONV.2b0.delayed]
[dev.closer2oxford.ro/page/ro/vezi_meciuri/132/index.html]
[www.apador.org/publicatii/raport_stat_religii.pdf]
[dev.closer2oxford.ro/page/ro/vezi_meciuri/136/index.html]
[dev.closer2oxford.ro/page/ro/vezi_meciuri/111/index.html]
[dev.closer2oxford.ro/page/ro/vezi_meciuri/120/index.html]
[dev.closer2oxford.ro/page/ro/vezi_meciuri/109/index.html]
[dev.closer2oxford.ro/page/ro/vezi_meciuri/119/index.html]
[dev.closer2oxford.ro/page/ro/vezi_meciuri/126/index.html]
[dev.closer2oxford.ro/page/ro/vezi_meciuri/110/index.html]
[dev.closer2oxford.ro/page/ro/vezi_meciuri/116/index.html]
[dev.closer2oxford.ro/page/ro/vezi_meciuri/114/index.html]
[dev.closer2oxford.ro/page/ro/vezi_meciuri/138/index.html]
[dev.closer2oxford.ro/page/ro/vezi_meciuri/134/index.html]
[dev.closer2oxford.ro/page/ro/vezi_meciuri/113/index.html]
[dev.closer2oxford.ro/page/ro/vezi_meciuri/117/index.html]
[dev.closer2oxford.ro/page/ro/vezi_meciuri/115/index.html]
[www.cuvantul-ortodox.ro/recomandari/wp-content/uploads/crucea-in-parlament.jpg]
[dev.closer2oxford.ro/page/ro/vezi_meciuri/128/index.html]
[dev.closer2oxford.ro/page/ro/vezi_meciuri/129/index.html]
[dev.closer2oxford.ro/page/ro/vezi_meciuri/133/index.html]
[dev.closer2oxford.ro/page/ro/vezi_meciuri/121/index.html]
[dev.closer2oxford.ro/page/ro/vezi_meciuri/118/index.html]
[dev.closer2oxford.ro/page/ro/vezi_meciuri/131/index.html]
[dev.closer2oxford.ro/page/ro/vezi_meciuri/112/index.html]
[dev.closer2oxford.ro/page/ro/vezi_meciuri/124/index.html]
[dev.closer2oxford.ro/page/ro/vezi_meciuri/90/index.html]
[dev.closer2oxford.ro/page/ro/vezi_meciuri/92/index.html]
[miris.eurac.edu/mugs2/do/blob0206.pdf]
[dev.closer2oxford.ro/page/ro/vezi_meciuri/72/index.html]
[www.cdep.ro/proiecte/2003/200/20/0/leg_pl220_03.pdf]
[dev.closer2oxford.ro/page/ro/vezi_meciuri/95/index.html]
[dev.closer2oxford.ro/page/ro/vezi_meciuri/80/index.html]
[dev.closer2oxford.ro/page/ro/vezi_meciuri/78/index.html]
[www.cdep.ro/comisii/munca/pdf/2005/av112.pdf]
[dev.closer2oxford.ro/page/ro/vezi_meciuri/68/index.html]
[www.transparency.md/Docs/cor_jurn_inv_ro.2bc.delayed]
[dev.closer2oxford.ro/page/ro/vezi_meciuri/105/index.html]
[dev.closer2oxford.ro/page/ro/vezi_meciuri/74/index.html]
[dev.closer2oxford.ro/page/ro/vezi_meciuri/56/index.html]
[dev.closer2oxford.ro/page/ro/vezi_meciuri/89/index.html]
[dev.closer2oxford.ro/page/ro/vezi_meciuri/70/index.html]
[dev.closer2oxford.ro/page/ro/vezi_meciuri/58/index.html]
[dev.closer2oxford.ro/page/ro/vezi_meciuri/77/index.html]
[ires.ro/uploads/articole/studiu-de-impact-campanie-prezidentiala_presa.pdf]
[ires.ro/uploads/articole/ires_agenda-publica-februarie_2011_analiza.pdf]
[dev.closer2oxford.ro/page/ro/vezi_meciuri/69/index.html]
[dev.closer2oxford.ro/page/ro/vezi_meciuri/55/index.html]
[dev.closer2oxford.ro/page/ro/vezi_meciuri/107/index.html]
[dev.closer2oxford.ro/page/ro/vezi_meciuri/81/index.html]
[www.snlp.ro/art-20090814-proiectul-legii-unitare-privind-salarizarea-bugetarilor-titlu-02-cap-09.2d0.delayed]
[dev.closer2oxford.ro/page/ro/vezi_meciuri/57/index.html]
[provitabucuresti.ro/docs/lex/CEDO.2d2.delayed]
[dev.closer2oxford.ro/page/ro/vezi_meciuri/82/index.html]
[dev.closer2oxford.ro/page/ro/vezi_meciuri/84/index.html]
[dev.closer2oxford.ro/page/ro/vezi_meciuri/66/index.html]
[dev.closer2oxford.ro/page/ro/vezi_meciuri/96/index.html]
[dev.closer2oxford.ro/page/ro/vezi_meciuri/61/index.html]
[dev.closer2oxford.ro/page/ro/vezi_meciuri/83/index.html]
[dev.closer2oxford.ro/page/ro/vezi_meciuri/86/index.html]
[dev.closer2oxford.ro/page/ro/vezi_meciuri/75/index.html]
[dev.closer2oxford.ro/page/ro/vezi_meciuri/59/index.html]
[dev.closer2oxford.ro/page/ro/vezi_meciuri/87/index.html]
[dev.closer2oxford.ro/page/ro/vezi_meciuri/104/index.html]
[dev.closer2oxford.ro/page/ro/vezi_meciuri/102/index.html]
[www.usamvcluj.ro/files/Lege 20144-2007.pdf]
[www.onrc.ro/documente/legislatie/LEGE_Nr_26.pdf]
[dev.closer2oxford.ro/page/ro/vezi_meciuri/64/index.html]
[dev.closer2oxford.ro/page/ro/vezi_meciuri/106/index.html]
[dev.closer2oxford.ro/page/ro/vezi_meciuri/54/index.html]
[dev.closer2oxford.ro/page/ro/vezi_meciuri/79/index.html]
[dev.closer2oxford.ro/page/ro/vezi_meciuri/73/index.html]
[dev.closer2oxford.ro/page/ro/vezi_meciuri/65/index.html]
[www.legis.ro/images/stories/ACTE_NORMATIVE/constitutia romanieid536.pdf]
[dev.closer2oxford.ro/page/ro/vezi_meciuri/76/index.html]
[dev.closer2oxford.ro/page/ro/vezi_meciuri/103/index.html]
[dev.closer2oxford.ro/page/ro/vezi_meciuri/88/index.html]
[dev.closer2oxford.ro/page/ro/vezi_meciuri/67/index.html]
[dev.closer2oxford.ro/page/ro/vezi_meciuri/100/index.html]
[dev.closer2oxford.ro/page/ro/vezi_meciuri/60/index.html]
[dev.closer2oxford.ro/page/ro/vezi_meciuri/62/index.html]
[dev.closer2oxford.ro/page/ro/vezi_meciuri/63/index.html]
[img.youtube.com/vi/VOYZ8d4T4js/1.jpg]
[dev.closer2oxford.ro/page/ro/vezi_meciuri/15/index.html]
[www.opensocietyfoundations.org/initiatives/media/articles_publications/publications/television_20090313/romanian_20080429.2e6.delayed]
[dev.closer2oxford.ro/page/ro/vezi_meciuri/20/index.html]
[www.cna.ro/IMG/pdf/Inf_media_elect_CNA2007.pdf]
[www.psychologicalscience.org/pdf/pspi/pspi43.pdf]
[dev.closer2oxford.ro/page/ro/vezi_meciuri/37/index.html]
[dev.closer2oxford.ro/page/ro/vezi_meciuri/4/index.html]
[dev.closer2oxford.ro/page/ro/vezi_meciuri/34/index.html]
[dev.closer2oxford.ro/page/ro/vezi_meciuri/19/index.html]
[dev.closer2oxford.ro/page/ro/vezi_meciuri/25/index.html]
[dev.closer2oxford.ro/page/ro/vezi_meciuri/8/index.html]
[dev.closer2oxford.ro/page/ro/vezi_meciuri/18/index.html]
[dev.closer2oxford.ro/page/ro/vezi_meciuri/28/index.html]
[dev.closer2oxford.ro/page/ro/vezi_meciuri/2/index.html]
[dev.closer2oxford.ro/page/ro/vezi_meciuri/36/index.html]
[dev.closer2oxford.ro/page/ro/vezi_meciuri/31/index.html]
[dev.closer2oxford.ro/page/ro/vezi_meciuri/35/index.html]
[dev.closer2oxford.ro/page/ro/vezi_meciuri/17/index.html]
[www.cna.ro/IMG/pdf/Obic_atitud_Satisfacti_CNA2007.pdf]
[www.elearning.ro/resurse/Intel_2009_studiu_studenti_Hermes.pdf]
[www.cna.ro/IMG/pdf/STUDIU_Ponderea_Emisiunilor_Culturale_210410.pdf]
[dev.closer2oxford.ro/page/ro/vezi_meciuri/42/index.html]
[dev.closer2oxford.ro/page/ro/vezi_meciuri/21/index.html]
[dev.closer2oxford.ro/page/ro/vezi_meciuri/26/index.html]
[dev.closer2oxford.ro/page/ro/vezi_meciuri/44/index.html]
[dev.closer2oxford.ro/page/ro/vezi_meciuri/40/index.html]
[dev.closer2oxford.ro/page/ro/vezi_meciuri/41/index.html]
[dev.closer2oxford.ro/page/ro/vezi_meciuri/14/index.html]
[www.dorinpopa.files.wordpress.com//herjeu-radu-tehnici-de-propaganda-manipulare-si-pers-in-tv.2f3.delayed]
[dorinpopa.files.wordpress.com/2008/04/herjeu-radu-tehnici-de-propaganda-manipulare-si-pers-in-tv.pdf]
[dev.closer2oxford.ro/page/ro/vezi_meciuri/50/index.html]
[dev.closer2oxford.ro/page/ro/vezi_meciuri/53/index.html]
[dev.closer2oxford.ro/page/ro/vezi_meciuri/9/index.html]
[dev.closer2oxford.ro/page/ro/vezi_meciuri/22/index.html]
[dev.closer2oxford.ro/page/ro/vezi_meciuri/3/index.html]
[dev.closer2oxford.ro/page/ro/vezi_meciuri/12/index.html]
[dev.closer2oxford.ro/page/ro/vezi_meciuri/16/index.html]
[dev.closer2oxford.ro/page/ro/vezi_meciuri/47/index.html]
[www.apd.ro/files/comunicate/sondaj_20_de_ani.pdf]
[dev.closer2oxford.ro/page/ro/vezi_meciuri/46/index.html]
[dev.closer2oxford.ro/page/ro/vezi_meciuri/52/index.html]
[dev.closer2oxford.ro/page/ro/vezi_meciuri/11/index.html]
[dev.closer2oxford.ro/page/ro/vezi_meciuri/13/index.html]
[dev.closer2oxford.ro/page/ro/vezi_meciuri/33/index.html]
[dev.closer2oxford.ro/page/ro/vezi_meciuri/24/index.html]
[dev.closer2oxford.ro/page/ro/vezi_meciuri/6/index.html]
[dev.closer2oxford.ro/page/ro/vezi_meciuri/23/index.html]
[dev.closer2oxford.ro/page/ro/vezi_meciuri/49/index.html]
[dev.closer2oxford.ro/page/ro/vezi_meciuri/48/index.html]
[dev.closer2oxford.ro/page/ro/vezi_meciuri/10/index.html]
[dev.closer2oxford.ro/page/ro/vezi_meciuri/7/index.html]
[dev.closer2oxford.ro/page/ro/vezi_meciuri/43/index.html]
[dev.closer2oxford.ro/page/ro/vezi_meciuri/5/index.html]
[dev.closer2oxford.ro/page/ro/vezi_meciuri/27/index.html]
[dev.closer2oxford.ro/page/ro/vezi_meciuri/1/index.html]
[dev.closer2oxford.ro/page/ro/vezi_meciuri/45/index.html]
[dev.closer2oxford.ro/page/ro/vezi_meciuri/51/index.html]
[dev.closer2oxford.ro/page/ro/vezi_meciuri/39/index.html]
[dev.closer2oxford.ro/page/ro/vezi_meciuri/405/index.html]
[dev.closer2oxford.ro/page/ro/vezi_meciuri/396/index.html]
[dev.closer2oxford.ro/page/ro/vezi_meciuri/397/index.html]
[dev.closer2oxford.ro/page/ro/vezi_meciuri/398/index.html]
[dev.closer2oxford.ro/page/ro/vezi_meciuri/395/index.html]
[dev.closer2oxford.ro/page/ro/vezi_meciuri/393/index.html]
[dev.closer2oxford.ro/page/ro/vezi_meciuri/394/index.html]
[dev.closer2oxford.ro/page/ro/vezi_meciuri/399/index.html]
[dev.closer2oxford.ro/page/ro/vezi_meciuri/403/index.html]
[dev.closer2oxford.ro/page/ro/vezi_meciuri/392/index.html]
[dev.closer2oxford.ro/page/ro/vezi_meciuri/401/index.html]
[dev.closer2oxford.ro/page/ro/vezi_meciuri/402/index.html]
[dev.closer2oxford.ro/page/ro/vezi_meciuri/404/index.html]
[dev.closer2oxford.ro/page/ro/vezi_meciuri/400/index.html]
[dev.closer2oxford.ro/page/ro/vezi_meciuri/388/index.html]
[dev.closer2oxford.ro/page/ro/vezi_meciuri/390/index.html]
[dev.closer2oxford.ro/page/ro/vezi_meciuri/389/index.html]
[dev.closer2oxford.ro/page/ro/vezi_meciuri/391/index.html]
[dev.closer2oxford.ro/page/ro/vezi_meciuri/386/index.html]
[dev.closer2oxford.ro/page/ro/vezi_meciuri/387/index.html]
[b.vimeocdn.com/ts/118/036/118036354_100.jpg]
[b.vimeocdn.com/ts/118/029/118029534_100.jpg]
[b.vimeocdn.com/ts/119/285/119285087_100.jpg]
[b.vimeocdn.com/ts/118/034/118034287_100.jpg]
[b.vimeocdn.com/ts/118/033/118033557_100.jpg]
[b.vimeocdn.com/ts/118/034/118034994_100.jpg]
[b.vimeocdn.com/ts/119/285/119285333_100.jpg]
[b.vimeocdn.com/ts/111/164/111164255_100.jpg]
[b.vimeocdn.com/ts/112/666/112666000_100.jpg]
[b.vimeocdn.com/ts/112/668/112668651_100.jpg]
[b.vimeocdn.com/ts/112/671/112671582_100.jpg]
[b.vimeocdn.com/ts/112/674/112674680_100.jpg]
[b.vimeocdn.com/ts/112/685/112685925_100.jpg]
[b.vimeocdn.com/ts/112/695/112695448_100.jpg]
[dev.closer2oxford.ro/images/sigle/filters.svg]
[dev.closer2oxford.ro/page/11_sfaturi.html]
[www.brickell.co.nz/docs/heroesinvaders.html]
[www.heacademy.ac.uk/assets/documents/employability/id370_work-related_learning_in_higher_education_582.html]
[www.bci.ie/documents/advertising_children.html]
[uk.sagepub.com/en-gb/eur/hackley/SJO Articles for Website/Chapter 8 - Pine & Nash.html]
[dev.closer2oxford.ro/uploads/2012/06/12/China's_Dilemma_-_Social_Change_and_Political_Reform.lntevk.html]
[www.ipi.org/IPI/IPIPublications.nsf/PublicationLookupFullTextPDF/51CC65A1D4779E408625733E00529174/$File/SoundRecordingPiracy.html]
[www.ce-re.ro/upload/Peter Suber Civil Disobedience.html]
[www.ce-re.ro/upload/L'influence de Gandhi_semelin.html]
[www.ce-re.ro/upload/E Armand Petit manuel anarchiste individualiste.html]
[www.ce-re.ro/upload/sinteza.html]
[www.ce-re.ro/upload/HO De ce despre nesupunerea civica.html]
[portal.unesco.org/ci/en/files/18796/11144252115pb_why_how.pdf/pb_why_how.html]
[dev.closer2oxford.ro/page/ro/vezi_meciuri/367/index.html]
[dev.closer2oxford.ro/page/ro/vezi_meciuri/368/index.html]
[dev.closer2oxford.ro/page/ro/vezi_meciuri/365/index.html]
[dev.closer2oxford.ro/page/ro/vezi_meciuri/366/index.html]
[dev.closer2oxford.ro/page/ro/vezi_meciuri/369/index.html]
[dev.closer2oxford.ro/page/ro/vezi_meciuri/374/index.html]
[dev.closer2oxford.ro/page/ro/vezi_meciuri/373/index.html]
[dev.closer2oxford.ro/page/ro/vezi_meciuri/370/index.html]
[dev.closer2oxford.ro/page/ro/vezi_meciuri/372/index.html]
[dev.closer2oxford.ro/page/ro/vezi_meciuri/371/index.html]
[ec.europa.eu/europeaid/where/neighbourhood/eastern_partnership/documents/eastern_partnership_flyer_final_en.html]
[www.hsph.harvard.edu/ihsg/publications/pdf/No-7-1.html]
[dev.closer2oxford.ro/page/contacte.html]
[dev.closer2oxford.ro/page/ro/premii_runda_5.html]
[closer2oxford.ro/uploads/2013/07/25/Valorile_mentionate_in_dezbaterile_ARDOR_-_Closer_to_Oxford_2010-2013.lntpmf.html]
[cncd.org.ro/files/file/Raport de cercetare CNCD_Discriminare.html]
[www.homosexualitate.ro/resurse/tactici.html]
[www.fen.ro/legea_educatiei_final.html]
[www.artscouncil.org.uk/media/uploads/pdf/CEBR_economic_report_web_version_0513.html]
[www.culturalpolicies.net/web/files/83/en/US-WhyGovSupport2010.html]
[geografie.uvt.ro/old/cercetare/publicatii/geographica/abstracte/Geographica2010-2/11.mutulescu final.html]
[www.transparency.md/Docs/cor_mol_ro.html]
[closer2oxford.ro/uploads/2011/10/22/Tutorial_Closer2Oxford.u8ngkp.html]
[www.dri.gov.ro/documents/conventia pt prot dr omului si libert fundament.html]
[www.id-hyperion.ro/cursuri/cursuri drept/Criminologie_AN II, sem 1.html]
[www.psih.uaic.ro/_sboncu/romana/Curs_psihologie_sociala/Curs29.html]
[carlsonschool.umn.edu/Assets/72082.html]
[www.edumark.ase.ro/RePEc/rmko/3/5.html]
[europedirect.centras.ro/assets/editor/file/pliant dr copilului.html]
[wcd.nic.in/crcpdf/crc-2.html]
[www.phaii.org/uploads/xstandard/style.html]
[www.colorfulbox.jp/common/img/bnr/colorfulbox_bnr01.png]
[www.phaii.org/uploads/xstandard/img/img01.html]
[www.phaii.org/uploads/xstandard/img/logo.html]
[www.phaii.org/uploads/xstandard/Television advertising & children.html]
[www.apa.org/pi/families/resources/advertising-children.html]
[closer2oxford.ro/uploads/2012/06/12/Democracy_Index_2011.5yjahi.html]
[www.closer2oxford.ro/uploads/2012/06/12/Freedom_in_the_World_2012.ntevkc.html]
[hdr.undp.org/sites/default/files/favicon_0.ico]
[hdr.undp.org/sites/default/files/css/css_lQaZfjVpwP_oGNqdtWCSpJT1EMqXdMiU84ekLLxQnc4.css]
[hdr.undp.org/sites/default/files/css/css_cw4bnvRT32hUwV7sG1paGMXRZeTG6Wlq2d4j9aqT4vA.css]
[hdr.undp.org/sites/default/files/css/css_RpHX046MhihS_Lls_LFHs5Tbj4DacJ5JYycyQV05SNE.css]
[hdr.undp.org/sites/default/files/css/css_-Sv3G0LYl0E7p01Kz0cBzj4SLShBEO3YLrD6FyHv9-M.css]
[hdr.undp.org/sites/all/themes/hdr_theme/logo.png]
[hdr.undp.org/sites/default/files/fb_icon.png]
[hdr.undp.org/sites/default/files/twitter_icon.png]
[hdr.undp.org/sites/default/files/youtube_icon.png]
[hdr.undp.org/en/media/HDR_2009_EN_Complete.html]
[people.tamu.edu/_sjain/papers/published piracy paper.html]
[www.gfktechtalk.com/wp-content/uploads/2011/07/Music-blog-post-2.html]
[www.apd.ro/files/publicatii/ Ghid_birouri_parlamentare.html]
[patriarhia.ro/_layouts/images/File/documente educational 2009/Programa I-IV aprobata prin Om 5229_01.09.2008.html]
[www.crestinism-ortodox.ro/TEXTE/LegeaCultelor-Nr489-2006.html]
[www.echr.coe.int/NR/rdonlyres/E7126929-2E4A-43FB-91A3-B2B4F4D66BEC/0/ROU_CONV.html]
[www.apador.org/publicatii/raport_stat_religii.pdf]
[www.see-educoop.net/education_in/pdf/religija-javna-sola-slo-rmn-t07.html]
[www.dri.gov.ro/documents/Decl Univ a Dr Omului.html]
[www.transparency.ro/publicatii/ghiduri/TransparentaDecizionalaAPL.html]
[www.transparency.md/Docs/cor_jurn_inv_ro.html]
[dev.closer2oxford.ro/page/ro/meci/vezi_discurs_fin/_http_/www.dreptonline.ro/articole/articola44f.html]
[dev.closer2oxford.ro/_http_/www.nejm.org/doi/full/10.1056/NEJM199510053331420/_.html]
[dev.closer2oxford.ro/_http_/cisac.stanford.edu/news/abrams_presidency_too_demanding_to_not_have_upper_age_limit_for_candidates_20080324/_.html]
[dev.closer2oxford.ro/_http_/www.vrn.ro/cati-bani-iei-daca-faci-afaceri-cu-statul/_.html]
[dev.closer2oxford.ro/_http_/www.gandul.info/news/harta-politicienilor-locali-si-afacerile-lor-cu/_.html]
[dev.closer2oxford.ro/_http_/www.evz.ro/detalii/stiri/copiii-politicienilor-invartesc-afaceri-de-milioane-de-euro-778345.html/_.html]
[dev.closer2oxford.ro/_http_/www.chinadaily.com.cn/world/2010-02/02/content_9415982.htm/_.html]
[dev.closer2oxford.ro/_http_/www.antena3.ro/politica/prigoana-ramane-cu-puterea-si-afacerile-si-a-dat-demisia-din-partid-dar-va-activa-in-grupul-deputatilor-pdl-100493.html/_.html]
[dev.closer2oxford.ro/_http_/www.cdep.ro/proiecte/2003/200/20/0/leg_pl220_03.pdf/_.html]
[dev.closer2oxford.ro/_http_/legislatie.resurse-pentru-democratie.org/115_1996.php/_.html]
[dev.closer2oxford.ro/_http_/www.qmagazine.ro/articole/7721/nu-mai-credem-in-stat.html/_.html]
[dev.closer2oxford.ro/_http_/www.romanialibera.ro/actualitate/politica/presedintia-parlamentul-guvernul-si-partidele-pe-ultimele-locuri-in-increderea-populatiei-201302.html/_.html]
[www.snlp.ro/art-20090814-proiectul-legii-unitare-privind-salarizarea-bugetarilor-titlu-02-cap-09.html]
[provitabucuresti.ro/docs/lex/CEDO.html]
[dev.closer2oxford.ro/_http_/www.mapinc.org/newsnorml/v03/n1786/a06.html/_.html]
[dev.closer2oxford.ro/_http_/www.gallup.com/poll/113980/gallup-daily-obama-job-approval.aspx/_.html]
[www.lisr.ro/8-popescucr2.html]
[dev.closer2oxford.ro/_http_/goliath.ecnext.com/coms2/gi_0199-8367056/Mitterrand-s-Cancer-Coverup-French.html/_.html]
[dev.closer2oxford.ro/_http_/en.wikipedia.org/wiki/Franklin_D.html]
[dev.closer2oxford.ro/_http_/www.patient.co.uk/showdoc/40024946/_.html]
[dev.closer2oxford.ro/_http_/abcnews.go.com/Politics/story48e6.html]
[dev.closer2oxford.ro/_http_/www.nytimes.com/2008/10/20/us/politics/20healtha68a.html]
[dev.closer2oxford.ro/_http_/www.closer2oxford.ro/_http_/cisac.stanford.edu/news/abrams_presidency_too_demanding_to_not_have_upper_age_limit_for_candidates_20080324/_/_.html]
[dev.closer2oxford.ro/_http_/catavencu.ro/radu-mazare-nazist-de-forma-sau-de-fapt-16808/_.html]
[dev.closer2oxford.ro/_http_/news.bbc.co.uk/2/hi/4170083.stm/_.html]
[closer2oxford.ro/_http_/miris.eurac.edu/mugs2/do/blobbc1a.html]
[www.opensocietyfoundations.org/initiatives/media/articles_publications/publications/television_20090313/romanian_20080429.html]
[www.sid.ir/en/VEWSSID/J_pdf/122020090208.html]
[www.usamvcluj.ro/files/Lege 20144-2007.pdf]
[www.legis.ro/images/stories/ACTE_NORMATIVE/constitutia romanieid536.pdf]
[ires.ro/uploads/articole/studiu-de-impact-campanie-prezidentiala_presa.pdf]
[www.cna.ro/IMG/pdf/Obic_atitud_Satisfacti_CNA2007.pdf]
[www.cna.ro/IMG/pdf/Inf_media_elect_CNA2007.pdf]
[www.cna.ro/IMG/pdf/STUDIU_Ponderea_Emisiunilor_Culturale_210410.pdf]
[dev.closer2oxford.ro/page/index.html]
[www.dorinpopa.files.wordpress.com//herjeu-radu-tehnici-de-propaganda-manipulare-si-pers-in-tv.html]
[dev.closer2oxford.ro/_http_/webcache.googleusercontent.com/search4c06.html]
[dev.closer2oxford.ro/_http_/www.cna.ro/Decizia-nr-nr-187-din-3-aprilie.html/_.html]
[closer2oxford.ro/documents/kit/kit_argumentare_c2o.html]
[www.phaii.org/uploads/xstandard/style.html]
[www.phaii.org/uploads/xstandard/img/img01.html]
[www.phaii.org/uploads/xstandard/img/logo.html]
[hdr.undp.org/sites/default/files/css/css_lQaZfjVpwP_oGNqdtWCSpJT1EMqXdMiU84ekLLxQnc4.css]
[hdr.undp.org/sites/default/files/css/css_cw4bnvRT32hUwV7sG1paGMXRZeTG6Wlq2d4j9aqT4vA.css]
[hdr.undp.org/sites/default/files/css/css_RpHX046MhihS_Lls_LFHs5Tbj4DacJ5JYycyQV05SNE.css]
[hdr.undp.org/sites/default/files/css/css_-Sv3G0LYl0E7p01Kz0cBzj4SLShBEO3YLrD6FyHv9-M.css]
[www.apador.org/publicatii/raport_stat_religii.pdf]
[documents.envisional.com/docs/Envisional-Internet_Usage-Jan2011.pdf]
[re-net.ac.uk/attachments/01785212-fcb6-4ef1-9775-61a53ce0af04.pdf]
[file/D_/Users/Administrator/Downloads/The Minions - A1.doc]
[file/C_/Users/Lorentz/Desktop/N2 - C2O.doc]
[web.clas.ufl.edu/users/codwyer/z_External_Folder/Articles/cep200831a.pdf]
[file/C_/Users/Nitro/Downloads/Debate Negatori 1 v2 (3).doc]
[file/C_/Users/Oana/Desktop/N2.doc]
[www.anp-just.ro/interna/Codul Penal.html]
[arhiva.cna.ro/cercetari/sondaje/IMAS 2007 Ro.pdf]
[file/C_/Documents and Settings/User/Desktop/Negator 2.doc]
[www.eurojournals.com/irjfe_60_04.pdf]
[opim-sun.wharton.upenn.edu/wise2004/sat612.pdf]
[file/C_/Documents and Settings/gabi/My Documents/Downloads/afirmatori 2.doc]
[i.vplay.ro/f/embedd601.swf]
[file/C_/Users/Bogdan/Downloads/hiperlink/hiper1.doc]
[file/C_/Users/Bogdan/Downloads/Egyetem 2. ev/Slide 1-1.doc]
[file/C_/Users/Bogdan/Downloads/Egyetem 2. ev/5.doc]
[www.constiinta-critica.ro/upload/documente/doc90.pdf]
[profesorreligie.ro/materiale/IX XII Arte si meserii.pdf]
[file/C_/Documents and Settings/mada/Desktop/Echipa afirmatoare accept c dreptul la intimitate este important n orice societate democratic.doc]
[www.delta.ens.fr/abstracts/wp200211.pdf]
[www.novasestradas.pt/gestorconteudos/attachs/249.pdf]
[www.stisoc.ro/docs/STISOC2010_Raport de cercetare.pdf]
[www.cna.ro/IMG/pdf/Obic_atitud_Satisfacti_CNA2007.pdf]
[file/D_/Desktop/Closer2Oxford.doc]
[arhiva.cna.ro/activitate/proiphare/Raportul dezbaterii publice-octombrie.pdf]
