[backblue.gif]
[fade.gif]
[index.html]
[dev.closer2oxford.ro/page/rss_feed]
[dev.closer2oxford.ro/uploads/2015/06/9/icon-facebook.gif]
[dev.closer2oxford.ro/js/jquery-1.4.4.min.js]
[dev.closer2oxford.ro/js/tinymce/tiny_mce.js]
[dev.closer2oxford.ro/js/jquery.form.js]
[dev.closer2oxford.ro/js/fbLoginRegister.js]
[dev.closer2oxford.ro/page/var/javascript.js]
[dev.closer2oxford.ro/js/jquery.hovertip-1.0.min.js]
[dev.closer2oxford.ro/js/jquery.jgrowl_minimized.js]
[dev.closer2oxford.ro/js/jquery.timer-min.js]
[dev.closer2oxford.ro/page/var/galerie/jquery.prettyPhoto.js]
[dev.closer2oxford.ro/page/var/jquery.bxslider.min.js]
[dev.closer2oxford.ro/images/layout/sigla.jpg]
[dev.closer2oxford.ro/images/fb.png]
[dev.closer2oxford.ro/images/feed-icon.png]
[dev.closer2oxford.ro/images/slide/dezbatere-ofensa-runda.png]
[dev.closer2oxford.ro/uploads/2015/05/22/dezbatere-website-oxford_(1).6ftib2.png]
[dev.closer2oxford.ro/images/cover/BANNER_c2o_12_DEBATE_ONLINE_results.png]
[dev.closer2oxford.ro/images/layout/ralu/struct.jpg]
[dev.closer2oxford.ro/images/layout/ralu/strateg.jpg]
[dev.closer2oxford.ro/images/layout/ralu/argument.jpg]
[dev.closer2oxford.ro/images/layout/ralu/stil.jpg]
[dev.closer2oxford.ro/js/table_sorter.js]
[dev.closer2oxford.ro/js/jquery.MetaData.js]
[dev.closer2oxford.ro/images/layout/right_arrow_yellow.png]
[dev.closer2oxford.ro/images/slide/220065_214811791864305_2028534_o.jpg]
[dev.closer2oxford.ro/images/slide/399982_352493364762813_291123006_n.jpg]
[dev.closer2oxford.ro/images/slide/nesupunere_civica_bucuresti.jpg]
[dev.closer2oxford.ro/images/slide/nesupunere_civica_cluj.jpg]
[dev.closer2oxford.ro/images/slide/nesupunere_civila_iasi.jpg]
[dev.closer2oxford.ro/images/slide/piraterie_timisoara.jpg]
[connect.facebook.net/en_US/all.js]
[dev.closer2oxford.ro/index.html]
[closer2oxford.ro/favicon.html]
[dev.closer2oxford.ro/images/file_links/pdf.png]
[dev.closer2oxford.ro/images/file_links/txt.png]
[dev.closer2oxford.ro/images/file_links/arch.png]
[dev.closer2oxford.ro/images/file_links/email.png]
[dev.closer2oxford.ro/images/file_links/link.png]
[dev.closer2oxford.ro/images/layout/colt_dr_sus.png]
[dev.closer2oxford.ro/images/layout/colt_stg_sus.png]
[dev.closer2oxford.ro/images/layout/colt_stg_jos.png]
[dev.closer2oxford.ro/images/layout/colt_dr_jos.png]
[dev.closer2oxford.ro/images/layout/bullet.png]
[dev.closer2oxford.ro/images/layout/li_vertical.png]
[dev.closer2oxford.ro/images/layout/buton_poll_back.png]
[dev.closer2oxford.ro/images/layout/buton_poll_back_clicked.png]
[dev.closer2oxford.ro/images/layout/li_stanga.png]
[dev.closer2oxford.ro/images/layout/li_dreapta.png]
[dev.closer2oxford.ro/images/layout/bullet.jpg]
[dev.closer2oxford.ro/page/var/layout.css]
[dev.closer2oxford.ro/uploads/2015/06/9/facebook_icon.html]
[dev.closer2oxford.ro/css/jquery.jgrowl.css]
[dev.closer2oxford.ro/images/gallery/prettyPhoto/light_rounded/sprite.png]
[dev.closer2oxford.ro/images/gallery/prettyPhoto/light_rounded/btnNext.png]
[dev.closer2oxford.ro/images/gallery/prettyPhoto/light_rounded/btnPrevious.png]
[dev.closer2oxford.ro/images/gallery/prettyPhoto/light_rounded/loader.gif]
[dev.closer2oxford.ro/images/gallery/prettyPhoto/dark_rounded/sprite.png]
[dev.closer2oxford.ro/images/gallery/prettyPhoto/dark_rounded/contentPattern.png]
[dev.closer2oxford.ro/images/gallery/prettyPhoto/dark_rounded/btnNext.png]
[dev.closer2oxford.ro/images/gallery/prettyPhoto/dark_rounded/btnPrevious.png]
[dev.closer2oxford.ro/images/gallery/prettyPhoto/dark_rounded/loader.gif]
[dev.closer2oxford.ro/images/gallery/prettyPhoto/dark_square/contentPattern.png]
[dev.closer2oxford.ro/images/gallery/prettyPhoto/dark_square/sprite.png]
[dev.closer2oxford.ro/images/gallery/prettyPhoto/dark_square/btnNext.png]
[dev.closer2oxford.ro/images/gallery/prettyPhoto/dark_square/btnPrevious.png]
[dev.closer2oxford.ro/images/gallery/prettyPhoto/light_square/sprite.png]
[dev.closer2oxford.ro/images/gallery/prettyPhoto/light_square/btnNext.png]
[dev.closer2oxford.ro/images/gallery/prettyPhoto/light_square/btnPrevious.png]
[dev.closer2oxford.ro/images/gallery/prettyPhoto/facebook/sprite.png]
[dev.closer2oxford.ro/images/gallery/prettyPhoto/facebook/contentPatternTop.png]
[dev.closer2oxford.ro/images/gallery/prettyPhoto/facebook/contentPatternLeft.png]
[dev.closer2oxford.ro/images/gallery/prettyPhoto/facebook/contentPatternRight.png]
[dev.closer2oxford.ro/images/gallery/prettyPhoto/facebook/loader.gif]
[dev.closer2oxford.ro/images/gallery/prettyPhoto/facebook/btnNext.png]
[dev.closer2oxford.ro/images/gallery/prettyPhoto/facebook/btnPrevious.png]
[dev.closer2oxford.ro/images/gallery/prettyPhoto/facebook/contentPatternBottom.png]
[dev.closer2oxford.ro/page/var/gallery.css]
[dev.closer2oxford.ro/images/bxslider/bx_loader.gif]
[dev.closer2oxford.ro/page/var/jquery.bxslider.css]
[dev.closer2oxford.ro/images/bxslider/controls.png]
[dev.closer2oxford.ro/js/jquery.validationEngine.js]
[dev.closer2oxford.ro/page/var/jquery.validationEngine-en.js]
[dev.closer2oxford.ro/page/register.html]
[dev.closer2oxford.ro/images/layout/sustin_c2o.jpg]
[dev.closer2oxford.ro/page/contacte/index.html]
[dev.closer2oxford.ro/page/clubdebate/index.html]
[dev.closer2oxford.ro/js/galerie/jquery.prettyPhoto.js]
[dev.closer2oxford.ro/images/little_stuff/16-arrow-down.png]
[dev.closer2oxford.ro/images/little_stuff/16-arrow-up.png]
[dev.closer2oxford.ro/images/oameni/monica_mocanu.jpg]
[dev.closer2oxford.ro/images/oameni/bianca_dragomir.jpg]
[dev.closer2oxford.ro/images/oameni/ana_zatusevschi.jpg]
[dev.closer2oxford.ro/images/oameni/patricia_zghibarta.jpg]
[dev.closer2oxford.ro/images/oameni/bianca.prunea.jpg]
[dev.closer2oxford.ro/images/oameni/liviu_gajora.jpg]
[dev.closer2oxford.ro/images/oameni/george.manea.jpg]
[dev.closer2oxford.ro/images/oameni/teo_blidariu.jpg]
[dev.closer2oxford.ro/images/oameni/raluca_bogdan.jpg]
[dev.closer2oxford.ro/images/oameni/teodora_oprea.jpg]
[dev.closer2oxford.ro/images/oameni/bogdan_draghicescu.jpg]
[dev.closer2oxford.ro/page/oamenii/index.html]
[dev.closer2oxford.ro/page/proiectul/index.html]
[dev.closer2oxford.ro/page/home/index.html]
[dev.closer2oxford.ro/page/clasamente.html]
[dev.closer2oxford.ro/images/layout/closer2oxford_fb_white.png]
[www.journalofdemocracy.org/sites/default/files/Brown-24-4.b9.delayed]
[dev.closer2oxford.ro/uploads/2014/04/16/img_2014_04_16_15_53_51_6.k2t48q.png]
[dev.closer2oxford.ro/en.html]
[dev.closer2oxford.ro/page/prez_structura_caz.html]
[dev.closer2oxford.ro/page/prez_strategie_caz.html]
[dev.closer2oxford.ro/page/prez_argumentarea.html]
[dev.closer2oxford.ro/page/prez_stil_caz.html]
[dev.closer2oxford.ro/page/ro/interviu_2015.html]
[dev.closer2oxford.ro/uploads/2015/06/13/dezbatere-religii-final_(1).uasp1r.png]
[dev.closer2oxford.ro/page/ro/runda_13_incepe.html]
[dev.closer2oxford.ro/page/ro/dezbatere_parada_Buc.html]
[dev.closer2oxford.ro/page/ro/stire_dezbatere_timisoara_runda_11.html]
[dev.closer2oxford.ro/uploads/2014/04/7/comunicat_dezbatere_publica_Closer_to_Oxford(1).ja0znv.doc]
[dev.closer2oxford.ro/page/ro/runda11_dezbateri.html]
[dev.closer2oxford.ro/page/toate_stirile.html]
[c443513.r13.cf2.rackcdn.com/static/widgets/w.html]
[dev.closer2oxford.ro/css/table_style.css]
[dev.closer2oxford.ro/images/little_stuff/16-em-down.png]
[dev.closer2oxford.ro/images/little_stuff/16-em-up.png]
[dev.closer2oxford.ro/page/ro/vezi_meciuri/406/sunt_arbitru.html]
[dev.closer2oxford.ro/page/ro/vezi_meciuri/408/sunt_arbitru.html]
[dev.closer2oxford.ro/page/ro/vezi_meciuri/412/sunt_arbitru.html]
[dev.closer2oxford.ro/page/ro/vezi_meciuri/416/sunt_arbitru.html]
[dev.closer2oxford.ro/page/ro/vezi_meciuri/411/sunt_arbitru.html]
[dev.closer2oxford.ro/page/ro/vezi_meciuri/415/sunt_arbitru.html]
[ssl.gstatic.com/ui/v1/icons/mail/images/cleardot.gif]
[dev.closer2oxford.ro/page/ro/vezi_meciuri/409/sunt_arbitru.html]
[dev.closer2oxford.ro/page/ro/vezi_meciuri/413/sunt_arbitru.html]
[dev.closer2oxford.ro/page/ro/vezi_meciuri/407/sunt_arbitru.html]
[dev.closer2oxford.ro/page/ro/vezi_meciuri/414/sunt_arbitru.html]
[dev.closer2oxford.ro/page/ro/vezi_meciuri/410/sunt_arbitru.html]
[dev.closer2oxford.ro/page/clasamente/11.html]
[img.youtube.com/vi/DfC6hboHndo/1.jpg]
[img.youtube.com/vi/k4tgjknjSos/1.jpg]
[img.youtube.com/vi/l6vRlpAaPDQ/1.jpg]
[img.youtube.com/vi/f_vwsN0Fy_Q/1.jpg]
[img.youtube.com/vi/vwIrS_op3tA/1.jpg]
[img.youtube.com/vi/eermFRXdZvI/1.jpg]
[img.youtube.com/vi/VX5bGJLVwuo/1.jpg]
[img.youtube.com/vi/D3-oxUb9raw/1.jpg]
[img.youtube.com/vi/KVWBi-69iv8/1.jpg]
[img.youtube.com/vi/GFP04Et_lxI/1.jpg]
[img.youtube.com/vi/5XKaNt7zcq0/1.jpg]
[dev.closer2oxford.ro/page/dezbatere_bucuresti_runda_11.html]
[img.youtube.com/vi/vsO6mfKGJwY/1.jpg]
[img.youtube.com/vi/yFfM04iiNg0/1.jpg]
[img.youtube.com/vi/UwyOBfWo_7k/1.jpg]
[img.youtube.com/vi/xGC4xi8oMKI/1.jpg]
[img.youtube.com/vi/kn_-KL11PyQ/1.jpg]
[img.youtube.com/vi/ZaE9e-EQt0A/1.jpg]
[img.youtube.com/vi/Y_TsQOkSXdc/1.jpg]
[img.youtube.com/vi/rCCv31kUwts/1.jpg]
[dev.closer2oxford.ro/page/dezbatere_timisoara_runda_11.html]
[dev.closer2oxford.ro/page/clasamente/10.html]
[img.youtube.com/vi/EuPbOjYDI-4/1.jpg]
[img.youtube.com/vi/80MgKrA88uU/1.jpg]
[img.youtube.com/vi/GDQcA17KWMI/1.jpg]
[img.youtube.com/vi/UuLQ9y9yOew/1.jpg]
[img.youtube.com/vi/_jTrgQiLG1A/1.jpg]
[img.youtube.com/vi/-MzlbUZVJzU/1.jpg]
[img.youtube.com/vi/HnlHFN1_P-A/1.jpg]
[dev.closer2oxford.ro/page/dezbatere_bucuresti_runda_10.html]
[img.youtube.com/vi/WeZdonkJVzc/1.jpg]
[img.youtube.com/vi/nixUt7Th2PA/1.jpg]
[img.youtube.com/vi/wbYDjN4vuys/1.jpg]
[img.youtube.com/vi/_1kQuBHRDXc/1.jpg]
[img.youtube.com/vi/Xxh9iAeJiv8/1.jpg]
[img.youtube.com/vi/wQy-pm4tsKU/1.jpg]
[dev.closer2oxford.ro/page/dezbatere_cluj_runda_10.html]
[img.youtube.com/vi/Y47XRKITCs4/1.jpg]
[img.youtube.com/vi/SHyS0P94EEQ/1.jpg]
[img.youtube.com/vi/OT9LjVAmUY4/1.jpg]
[img.youtube.com/vi/PoN3fUmgRfQ/1.jpg]
[img.youtube.com/vi/zNK79Z63kms/1.jpg]
[img.youtube.com/vi/xTUpkNNjHGY/1.jpg]
[img.youtube.com/vi/1X9n39GwKgs/1.jpg]
[img.youtube.com/vi/XVj0j4I31ro/1.jpg]
[dev.closer2oxford.ro/page/dezbatere_iasi_runda_10.html]
[img.youtube.com/vi/1DodxcNhh5A/1.jpg]
[img.youtube.com/vi/dBFLHs65mks/1.jpg]
[img.youtube.com/vi/QGoHBBOGR7g/1.jpg]
[img.youtube.com/vi/OONp0pARZ_M/1.jpg]
[img.youtube.com/vi/3y2VWoDDxek/1.jpg]
[dev.closer2oxford.ro/page/dezbatere_timisoara_runda_10.html]
[dev.closer2oxford.ro/page/clasamente/9.html]
[dev.closer2oxford.ro/uploads/2013/07/31/dezbatere_C2O_ARDOR_Bucuresti_George_Visan_Maria_Antica_Monica_Mocanu_Serban_Pitic_Andrei_Pantu.vm34n5.jpg]
[dev.closer2oxford.ro/page/dezbatere_bucuresti_vara_2013.html]
[dev.closer2oxford.ro/page/dezbatere_cluj_vara_2013.html]
[dev.closer2oxford.ro/uploads/2013/07/31/dezbatere_C2O_ARDOR_Iasi_Cezar_Manea_Virgil_Stoica_Liviu_Gajora_Stefana_Popa_Horia_Tit.1hr94i.jpg]
[dev.closer2oxford.ro/page/dezbatere_iasi_vara_2013.html]
[dev.closer2oxford.ro/page/dezbatere_sibiu_vara_2013.html]
[dev.closer2oxford.ro/uploads/2013/07/31/dezbatere_C2O_ARDOR_Timisoara_Corina_Tursie.e3yalw.jpg]
[dev.closer2oxford.ro/page/dezbatere_timisoara_vara_2013.html]
[dev.closer2oxford.ro/uploads/2013/07/31/dezbatere_C2O_ARDOR_Timisoara_Dan_Ungureanu.a6xiz9.jpg]
[dev.closer2oxford.ro/page/clasamente/8.html]
[mail.google.com/mail/images/cleardot.gif]
[dev.closer2oxford.ro/page/dezbateripublice.html]
[dev.closer2oxford.ro/page/clasamente/7.html]
[dev.closer2oxford.ro/page/clasamente/6.html]
[dev.closer2oxford.ro/page/clasamente/5.html]
[img.youtube.com/vi/intKfJhStkg/1.jpg]
[img.youtube.com/vi/uUEaru9zeEg/1.jpg]
[img.youtube.com/vi/U1nbjfH3A-8/1.jpg]
[img.youtube.com/vi/QFvje3UhNLw/1.jpg]
[img.youtube.com/vi/sWJnYtl3Oic/1.jpg]
[img.youtube.com/vi/sXcGvwa7FKo/1.jpg]
[img.youtube.com/vi/Ie9UclFT0qI/1.jpg]
[img.youtube.com/vi/HBpqsBVCuY4/1.jpg]
[img.youtube.com/vi/7FL8Jh0yEUs/1.jpg]
[img.youtube.com/vi/oHiS_Pt6kIE/1.jpg]
[img.youtube.com/vi/UlsiWf7KWaw/1.jpg]
[dev.closer2oxford.ro/page/dezbatere_bucuresti_runda_5.html]
[img.youtube.com/vi/vFOj2ptmAH8/1.jpg]
[img.youtube.com/vi/dFCG-DGK4uQ/1.jpg]
[img.youtube.com/vi/tchOUCND20o/1.jpg]
[img.youtube.com/vi/ZGiOxwmM8d8/1.jpg]
[img.youtube.com/vi/aC9OWe2p-ks/1.jpg]
[img.youtube.com/vi/3Zqe7pkmt-k/1.jpg]
[img.youtube.com/vi/XuNKniLbdEs/1.jpg]
[img.youtube.com/vi/TamZ5CHUOVo/1.jpg]
[img.youtube.com/vi/hr10_f-htm0/1.jpg]
[dev.closer2oxford.ro/page/dezbatere_cluj_runda_5.html]
[img.youtube.com/vi/StL9d7nPE_A/1.jpg]
[img.youtube.com/vi/CzJLyAxUq2c/1.jpg]
[img.youtube.com/vi/mFCoO1bH0wk/1.jpg]
[img.youtube.com/vi/EJE0Cb3ksf0/1.jpg]
[img.youtube.com/vi/1f023wJBNRM/1.jpg]
[img.youtube.com/vi/NDguq1ozbng/1.jpg]
[img.youtube.com/vi/bs4C1_AvT2Y/1.jpg]
[img.youtube.com/vi/sPh6Flq7Luk/1.jpg]
[img.youtube.com/vi/1lCQ0M-cZ0k/1.jpg]
[dev.closer2oxford.ro/page/dezbatere_iasi_runda_5.html]
[img.youtube.com/vi/FUDmJCdGDGc/1.jpg]
[img.youtube.com/vi/vOzR2nF0w5U/1.jpg]
[img.youtube.com/vi/TkM2xyqZhH4/1.jpg]
[img.youtube.com/vi/OQXJ3Zh-D9Q/1.jpg]
[img.youtube.com/vi/bbnzqA-cd4Q/1.jpg]
[img.youtube.com/vi/ENjMn4uDpNY/1.jpg]
[img.youtube.com/vi/zQEoIxk4KQw/1.jpg]
[dev.closer2oxford.ro/page/dezbatere_timisoara_runda_5.html]
[dev.closer2oxford.ro/page/clasamente/4.html]
[dev.closer2oxford.ro/uploads/2012/02/13/buc_ianinte.j6y7xc.png]
[dev.closer2oxford.ro/uploads/2012/02/13/thumb_buc_ianinte.j6y7xc.png]
[img.youtube.com/vi/pNWFCgVBS2w/1.jpg]
[img.youtube.com/vi/_3RkQhELrcM/1.jpg]
[img.youtube.com/vi/AQinx4N4haU/1.jpg]
[img.youtube.com/vi/JMlgh_YXIbM/1.jpg]
[img.youtube.com/vi/e7xfcDMWsgA/1.jpg]
[img.youtube.com/vi/UylquD3ZtoE/1.jpg]
[img.youtube.com/vi/eud3kxJ0Mfk/1.jpg]
[img.youtube.com/vi/TKsbO25XZgc/1.jpg]
[img.youtube.com/vi/a3Q06p92djQ/1.jpg]
[dev.closer2oxford.ro/uploads/2012/02/13/buc_final.3dvoun.png]
[dev.closer2oxford.ro/uploads/2012/02/13/thumb_buc_final.3dvoun.png]
[dev.closer2oxford.ro/page/dezbatere_bucuresti_runda_4.html]
[dev.closer2oxford.ro/uploads/2012/02/13/cluj_inainte.p13dvo.png]
[dev.closer2oxford.ro/uploads/2012/02/13/thumb_cluj_inainte.p13dvo.png]
[img.youtube.com/vi/NrKwi1Bf6no/1.jpg]
[img.youtube.com/vi/PuOMlN0p94E/1.jpg]
[img.youtube.com/vi/HRCKR5ebtco/1.jpg]
[img.youtube.com/vi/lePktS1u0ko/1.jpg]
[img.youtube.com/vi/KTSsXjn1IG4/1.jpg]
[img.youtube.com/vi/EKDgbDgSFS4/1.jpg]
[img.youtube.com/vi/xH6RncVFd8c/1.jpg]
[img.youtube.com/vi/INeIUZbGFns/1.jpg]
[img.youtube.com/vi/LNGe4TvGOrg/1.jpg]
[img.youtube.com/vi/7dC4BdXo9G0/1.jpg]
[img.youtube.com/vi/oaAA58Lf5iQ/1.jpg]
[dev.closer2oxford.ro/uploads/2012/02/13/cluj_final.vounsk.png]
[dev.closer2oxford.ro/uploads/2012/02/13/thumb_cluj_final.vounsk.png]
[dev.closer2oxford.ro/page/dezbatere_cluj_runda_4.html]
[dev.closer2oxford.ro/uploads/2012/02/13/iasi_inainte.3dvoun.png]
[dev.closer2oxford.ro/uploads/2012/02/13/thumb_iasi_inainte.3dvoun.png]
[img.youtube.com/vi/6scbfDs_LP4/1.jpg]
[img.youtube.com/vi/FI0xj6rQgDU/1.jpg]
[img.youtube.com/vi/DlUDOUUsneM/1.jpg]
[img.youtube.com/vi/8bF3LyiirD0/1.jpg]
[img.youtube.com/vi/T1jYbUOpbow/1.jpg]
[img.youtube.com/vi/EdXZN94Xv60/1.jpg]
[img.youtube.com/vi/2wHXwAEf4LI/1.jpg]
[img.youtube.com/vi/xnftNVI9eHc/1.jpg]
[img.youtube.com/vi/g0nFnhjciEU/1.jpg]
[dev.closer2oxford.ro/uploads/2012/02/13/iasi_final.13dvou.png]
[dev.closer2oxford.ro/page/dezbatere_iasi_runda_4.html]
[dev.closer2oxford.ro/uploads/2012/02/13/thumb_iasi_final.13dvou.png]
[dev.closer2oxford.ro/uploads/2012/02/13/timisoara_ianinte.aei5gr.png]
[dev.closer2oxford.ro/uploads/2012/02/13/thumb_timisoara_ianinte.aei5gr.png]
[img.youtube.com/vi/hcPFBAR2cUI/1.jpg]
[img.youtube.com/vi/9F3yER8xdeE/1.jpg]
[img.youtube.com/vi/jx3H-e23aHA/1.jpg]
[img.youtube.com/vi/DM850tIZesw/1.jpg]
[img.youtube.com/vi/4zgaaCFGQRU/1.jpg]
[img.youtube.com/vi/XGeuJdKgnCU/1.jpg]
[img.youtube.com/vi/t9_cQWeug4k/1.jpg]
[img.youtube.com/vi/NuR6C2JcnAc/1.jpg]
[dev.closer2oxford.ro/uploads/2012/02/13/timisoara_final.3dvoun.png]
[dev.closer2oxford.ro/uploads/2012/02/13/thumb_timisoara_final.3dvoun.png]
[dev.closer2oxford.ro/page/dezbatere_timisoara_runda_4.html]
[dev.closer2oxford.ro/page/clasamente/3.html]
[dev.closer2oxford.ro/uploads/2011/09/23/inainte_buc.vmgir7.png]
[dev.closer2oxford.ro/uploads/2011/09/23/thumb_inainte_buc.vmgir7.png]
[img.youtube.com/vi/ou1Ow1J1oqc/1.jpg]
[img.youtube.com/vi/JKVQkWzo46A/1.jpg]
[img.youtube.com/vi/q0pEZaRzgow/1.jpg]
[img.youtube.com/vi/pH4nLmYC7OA/1.jpg]
[img.youtube.com/vi/Aju6qHOaQJk/1.jpg]
[img.youtube.com/vi/Y8dsKiSqWWA/1.jpg]
[img.youtube.com/vi/ZjKJnIXW85I/1.jpg]
[img.youtube.com/vi/fuY8MB2vci8/1.jpg]
[dev.closer2oxford.ro/uploads/2011/09/23/final_bucuresti.0iktxb.png]
[dev.closer2oxford.ro/uploads/2011/09/23/thumb_final_bucuresti.0iktxb.png]
[dev.closer2oxford.ro/page/dezbatere_bucuresti_vara.html]
[dev.closer2oxford.ro/uploads/2011/09/23/inceput_cluj.am60ik.png]
[dev.closer2oxford.ro/uploads/2011/09/23/thumb_inceput_cluj.am60ik.png]
[img.youtube.com/vi/rmr6Upxwd0w/1.jpg]
[img.youtube.com/vi/svPXgFM94kA/1.jpg]
[img.youtube.com/vi/ZuQUnY_NIlk/1.jpg]
[img.youtube.com/vi/R7nm0R-1Myg/1.jpg]
[img.youtube.com/vi/Y-4Q_X5f8G4/1.jpg]
[img.youtube.com/vi/sVkI91u_Qo8/1.jpg]
[img.youtube.com/vi/ipDzG9pSxTc/1.jpg]
[img.youtube.com/vi/Ca0jAAQBGVs/1.jpg]
[img.youtube.com/vi/2B-fy1r73wg/1.jpg]
[dev.closer2oxford.ro/uploads/2011/09/23/final_cluj.m60ikt.png]
[dev.closer2oxford.ro/uploads/2011/09/23/thumb_final_cluj.m60ikt.png]
[dev.closer2oxford.ro/page/dezbatere_cluj_vara.html]
[dev.closer2oxford.ro/uploads/2011/09/23/inceput_iasi.sjvam6.png]
[dev.closer2oxford.ro/uploads/2011/09/23/thumb_inceput_iasi.sjvam6.png]
[img.youtube.com/vi/IqPMgimkfl4/1.jpg]
[img.youtube.com/vi/cGqHUU9OW_I/1.jpg]
[img.youtube.com/vi/H7dVcJqeDCw/1.jpg]
[img.youtube.com/vi/EdPKHRBJwEU/1.jpg]
[img.youtube.com/vi/zLU6kNuWH5Q/1.jpg]
[img.youtube.com/vi/IFOQDEIqoXs/1.jpg]
[img.youtube.com/vi/4dD7wWwOuXg/1.jpg]
[dev.closer2oxford.ro/uploads/2011/09/23/final_iasi.91z5h2.png]
[dev.closer2oxford.ro/uploads/2011/09/23/thumb_final_iasi.91z5h2.png]
[dev.closer2oxford.ro/page/dezbatere_iasi_vara.html]
[dev.closer2oxford.ro/uploads/2011/09/23/inceput_timisoara.wyl91z.png]
[dev.closer2oxford.ro/uploads/2011/09/23/thumb_inceput_timisoara.wyl91z.png]
[img.youtube.com/vi/wNR4bo3owYo/1.jpg]
[img.youtube.com/vi/iPMQG6uuoWY/1.jpg]
[img.youtube.com/vi/PDaJUqycEJM/1.jpg]
[img.youtube.com/vi/_-x0gqa-pHE/1.jpg]
[img.youtube.com/vi/qYn_xAi0UH8/1.jpg]
[dev.closer2oxford.ro/uploads/2011/09/23/final_timisoara.5h2rsj.png]
[dev.closer2oxford.ro/uploads/2011/09/23/thumb_final_timisoara.5h2rsj.png]
[dev.closer2oxford.ro/page/dezbatere_timisoara_vara.html]
[dev.closer2oxford.ro/page/clasamente/2.html]
[dev.closer2oxford.ro/uploads/2011/10/3/buc_inc.n36s8a.png]
[dev.closer2oxford.ro/uploads/2011/10/3/thumb_buc_inc.n36s8a.png]
[img.youtube.com/vi/gkruvIek7e8/1.jpg]
[img.youtube.com/vi/Hwixj4U3Ft0/1.jpg]
[img.youtube.com/vi/z0g4m8gwcyQ/1.jpg]
[img.youtube.com/vi/d7eOsPH9lvk/1.jpg]
[img.youtube.com/vi/vV0HuMceT0I/1.jpg]
[img.youtube.com/vi/zu0l9or2aRg/1.jpg]
[img.youtube.com/vi/uyF576dNNT4/1.jpg]
[img.youtube.com/vi/MAakuXhhuFc/1.jpg]
[img.youtube.com/vi/CHSAbSLTpPc/1.jpg]
[img.youtube.com/vi/boW6rIiCAPc/1.jpg]
[img.youtube.com/vi/K6jXz3GbREM/1.jpg]
[img.youtube.com/vi/7UKn7D_QPWA/1.jpg]
[img.youtube.com/vi/KIMk7ts082Y/1.jpg]
[dev.closer2oxford.ro/uploads/2011/04/29/dezbatere_bucuresti_1.2mv8so.jpg]
[dev.closer2oxford.ro/uploads/2011/04/29/thumb_dezbatere_bucuresti_1.2mv8so.jpg]
[dev.closer2oxford.ro/uploads/2011/04/29/dezbatere_bucuresti_2.yh4grl.jpg]
[dev.closer2oxford.ro/uploads/2011/04/29/thumb_dezbatere_bucuresti_2.yh4grl.jpg]
[dev.closer2oxford.ro/uploads/2011/04/29/dezbatere_bucuresti_3.5f2mv8.jpg]
[dev.closer2oxford.ro/uploads/2011/04/29/thumb_dezbatere_bucuresti_3.5f2mv8.jpg]
[dev.closer2oxford.ro/uploads/2011/04/29/dezbatere_bucuresti_4.5f2mv8.jpg]
[dev.closer2oxford.ro/uploads/2011/04/29/thumb_dezbatere_bucuresti_4.5f2mv8.jpg]
[dev.closer2oxford.ro/uploads/2011/04/29/dezbatere_bucuresti_5.wx3b7e.jpg]
[dev.closer2oxford.ro/uploads/2011/04/29/thumb_dezbatere_bucuresti_5.wx3b7e.jpg]
[dev.closer2oxford.ro/uploads/2011/04/29/dezbatere_bucuresti_6.3b7e5f.jpg]
[dev.closer2oxford.ro/uploads/2011/04/29/thumb_dezbatere_bucuresti_6.3b7e5f.jpg]
[dev.closer2oxford.ro/uploads/2011/10/3/buc_final.n36s8a.png]
[dev.closer2oxford.ro/uploads/2011/10/3/thumb_buc_final.n36s8a.png]
[dev.closer2oxford.ro/page/dezbatere_bucuresti_primavara.html]
[dev.closer2oxford.ro/uploads/2011/10/3/cluj_inc.xkl5go.png]
[dev.closer2oxford.ro/uploads/2011/10/3/thumb_cluj_inc.xkl5go.png]
[img.youtube.com/vi/LurXE38G6z0/1.jpg]
[img.youtube.com/vi/7IRGMr6iGAY/1.jpg]
[img.youtube.com/vi/OKh1cli8wXw/1.jpg]
[img.youtube.com/vi/JYInQOqQG-k/1.jpg]
[img.youtube.com/vi/BHOBKD9u974/1.jpg]
[img.youtube.com/vi/Alko99Duuy4/1.jpg]
[dev.closer2oxford.ro/uploads/2011/04/29/dezbatere_cluj_5.zkn0ur.jpg]
[dev.closer2oxford.ro/uploads/2011/04/29/thumb_dezbatere_cluj_5.zkn0ur.jpg]
[dev.closer2oxford.ro/uploads/2011/04/29/dezbatere_cluj_4.diwqei.jpg]
[dev.closer2oxford.ro/uploads/2011/04/29/thumb_dezbatere_cluj_4.diwqei.jpg]
[dev.closer2oxford.ro/uploads/2011/04/29/dezbatere_cluj_3.g9yjvo.jpg]
[dev.closer2oxford.ro/uploads/2011/04/29/thumb_dezbatere_cluj_3.g9yjvo.jpg]
[dev.closer2oxford.ro/uploads/2011/04/29/dezbatere_cluj_2.n0urhm.jpg]
[dev.closer2oxford.ro/uploads/2011/04/29/thumb_dezbatere_cluj_2.n0urhm.jpg]
[dev.closer2oxford.ro/uploads/2011/04/29/dezbatere_cluj_1.34a8ft.jpg]
[dev.closer2oxford.ro/uploads/2011/04/29/thumb_dezbatere_cluj_1.34a8ft.jpg]
[dev.closer2oxford.ro/uploads/2011/10/3/cluj_final.0drqu9.png]
[dev.closer2oxford.ro/uploads/2011/10/3/thumb_cluj_final.0drqu9.png]
[dev.closer2oxford.ro/page/dezbatere_cluj_primavara.html]
[dev.closer2oxford.ro/uploads/2011/10/3/iasi_inc.avmti4.png]
[dev.closer2oxford.ro/uploads/2011/10/3/thumb_iasi_inc.avmti4.png]
[img.youtube.com/vi/0dO9cF93cbk/1.jpg]
[img.youtube.com/vi/6ZZB9xkXKK0/1.jpg]
[img.youtube.com/vi/vd0S1uXuzic/1.jpg]
[img.youtube.com/vi/r2Y0YfRvxmk/1.jpg]
[img.youtube.com/vi/TJi4_JMuZ2Y/1.jpg]
[img.youtube.com/vi/JX3qLPkQkLI/1.jpg]
[img.youtube.com/vi/BJcupHcuYhY/1.jpg]
[dev.closer2oxford.ro/uploads/2011/04/29/dezbatere_iasi_1.diwqei.jpg]
[dev.closer2oxford.ro/uploads/2011/04/29/thumb_dezbatere_iasi_1.diwqei.jpg]
[dev.closer2oxford.ro/uploads/2011/04/29/dezbatere_iasi_2.xg9yjv.jpg]
[dev.closer2oxford.ro/uploads/2011/04/29/thumb_dezbatere_iasi_2.xg9yjv.jpg]
[dev.closer2oxford.ro/uploads/2011/04/29/dezbatere_iasi_3.vo34a8.jpg]
[dev.closer2oxford.ro/uploads/2011/04/29/thumb_dezbatere_iasi_3.vo34a8.jpg]
[dev.closer2oxford.ro/uploads/2011/04/29/dezbatere_iasi_4.urhmls.jpg]
[dev.closer2oxford.ro/uploads/2011/04/29/thumb_dezbatere_iasi_4.urhmls.jpg]
[dev.closer2oxford.ro/uploads/2011/04/29/dezbatere_iasi_5.34a8ft.jpg]
[dev.closer2oxford.ro/uploads/2011/04/29/thumb_dezbatere_iasi_5.34a8ft.jpg]
[dev.closer2oxford.ro/uploads/2011/04/29/dezbatere_iasi_6.i2bzkn.jpg]
[dev.closer2oxford.ro/uploads/2011/04/29/thumb_dezbatere_iasi_6.i2bzkn.jpg]
[dev.closer2oxford.ro/uploads/2011/10/3/iasi_final.1xkl5g.png]
[dev.closer2oxford.ro/uploads/2011/10/3/thumb_iasi_final.1xkl5g.png]
[dev.closer2oxford.ro/page/dezbatere_iasi_primavara.html]
[dev.closer2oxford.ro/uploads/2011/10/3/timisoara_inc.xkl5go.png]
[dev.closer2oxford.ro/uploads/2011/10/3/thumb_timisoara_inc.xkl5go.png]
[img.youtube.com/vi/seam09X5_Ck/1.jpg]
[img.youtube.com/vi/dfEXV8LacUU/1.jpg]
[img.youtube.com/vi/GM2s8F7pgS8/1.jpg]
[img.youtube.com/vi/kLJ9_nN27EM/1.jpg]
[img.youtube.com/vi/sGt-LTmuVI4/1.jpg]
[img.youtube.com/vi/uObimGVliaI/1.jpg]
[img.youtube.com/vi/J2ckUIrv0_8/1.jpg]
[dev.closer2oxford.ro/uploads/2011/04/29/dezbatere_timisoara_1.iknczd.jpg]
[dev.closer2oxford.ro/uploads/2011/04/29/thumb_dezbatere_timisoara_1.iknczd.jpg]
[dev.closer2oxford.ro/uploads/2011/04/29/dezbatere_timisoara_2.4grlwx.jpg]
[dev.closer2oxford.ro/uploads/2011/04/29/thumb_dezbatere_timisoara_2.4grlwx.jpg]
[dev.closer2oxford.ro/uploads/2011/04/29/dezbatere_timisoara_3.5f2mv8.jpg]
[dev.closer2oxford.ro/uploads/2011/04/29/thumb_dezbatere_timisoara_3.5f2mv8.jpg]
[dev.closer2oxford.ro/uploads/2011/04/29/dezbatere_timisoara_4.yh4grl.jpg]
[dev.closer2oxford.ro/uploads/2011/04/29/thumb_dezbatere_timisoara_4.yh4grl.jpg]
[dev.closer2oxford.ro/uploads/2011/04/29/dezbatere_timisoara_5.jt1au6.jpg]
[dev.closer2oxford.ro/uploads/2011/04/29/thumb_dezbatere_timisoara_5.jt1au6.jpg]
[dev.closer2oxford.ro/uploads/2011/10/3/timisoara_final.rqu9z7.png]
[dev.closer2oxford.ro/uploads/2011/10/3/thumb_timisoara_final.rqu9z7.png]
[dev.closer2oxford.ro/page/dezbatere_timisoara_primavara.html]
[dev.closer2oxford.ro/page/clasamente/1.html]
[dev.closer2oxford.ro/uploads/2011/01/5/bucuresti_initial.muchrn.png]
[dev.closer2oxford.ro/uploads/2011/01/5/thumb_bucuresti_initial.muchrn.png]
[b.vimeocdn.com/ts/113/107/113107858_100.jpg]
[b.vimeocdn.com/ts/113/053/113053729_100.jpg]
[b.vimeocdn.com/ts/113/110/113110856_100.jpg]
[b.vimeocdn.com/ts/113/113/113113889_100.jpg]
[b.vimeocdn.com/ts/113/094/113094653_100.jpg]
[b.vimeocdn.com/ts/113/099/113099074_100.jpg]
[dev.closer2oxford.ro/uploads/2011/01/9/bucuresti3.vg125b.jpg]
[dev.closer2oxford.ro/uploads/2011/01/9/thumb_bucuresti3.vg125b.jpg]
[dev.closer2oxford.ro/uploads/2011/01/9/bucuresti5.wa8lcf.jpg]
[dev.closer2oxford.ro/uploads/2011/01/9/thumb_bucuresti5.wa8lcf.jpg]
[dev.closer2oxford.ro/uploads/2011/01/9/bucuresti6.tkr3ei.jpg]
[dev.closer2oxford.ro/uploads/2011/01/9/thumb_bucuresti6.tkr3ei.jpg]
[dev.closer2oxford.ro/uploads/2011/01/9/bucuresti7.sdptkr.jpg]
[dev.closer2oxford.ro/uploads/2011/01/9/thumb_bucuresti7.sdptkr.jpg]
[dev.closer2oxford.ro/uploads/2011/01/9/bucuresti2.lcfzq0.jpg]
[dev.closer2oxford.ro/uploads/2011/01/9/thumb_bucuresti2.lcfzq0.jpg]
[dev.closer2oxford.ro/uploads/2011/01/9/bucuresti4.fzq0hu.jpg]
[dev.closer2oxford.ro/uploads/2011/01/9/thumb_bucuresti4.fzq0hu.jpg]
[dev.closer2oxford.ro/uploads/2011/01/9/bucuresti1.r3eiom.jpg]
[dev.closer2oxford.ro/uploads/2011/01/9/thumb_bucuresti1.r3eiom.jpg]
[dev.closer2oxford.ro/uploads/2011/01/5/bucuresti_final.jzbpx9.png]
[dev.closer2oxford.ro/page/dezbatere_bucuresti_toamna.html]
[dev.closer2oxford.ro/uploads/2011/01/5/thumb_bucuresti_final.jzbpx9.png]
[dev.closer2oxford.ro/uploads/2011/01/5/cluj_initial.x9lo6q.png]
[dev.closer2oxford.ro/uploads/2011/01/5/thumb_cluj_initial.x9lo6q.png]
[dev.closer2oxford.ro/uploads/2011/01/6/cluj1.z67drh.jpg]
[dev.closer2oxford.ro/uploads/2011/01/6/thumb_cluj1.z67drh.jpg]
[dev.closer2oxford.ro/uploads/2011/01/6/cluj6.qo5x1g.jpg]
[dev.closer2oxford.ro/uploads/2011/01/6/thumb_cluj6.qo5x1g.jpg]
[dev.closer2oxford.ro/uploads/2011/01/6/cluj5.ez67dr.jpg]
[dev.closer2oxford.ro/uploads/2011/01/6/thumb_cluj5.ez67dr.jpg]
[dev.closer2oxford.ro/uploads/2011/01/6/cluj4.2cuez6.jpg]
[dev.closer2oxford.ro/uploads/2011/01/6/thumb_cluj4.2cuez6.jpg]
[dev.closer2oxford.ro/uploads/2011/01/6/cluj3.cuez67.jpg]
[dev.closer2oxford.ro/uploads/2011/01/6/thumb_cluj3.cuez67.jpg]
[dev.closer2oxford.ro/uploads/2011/01/6/cluj2.5x1git.jpg]
[dev.closer2oxford.ro/uploads/2011/01/6/thumb_cluj2.5x1git.jpg]
[dev.closer2oxford.ro/uploads/2011/01/6/cluj7.0wambs.jpg]
[dev.closer2oxford.ro/uploads/2011/01/6/thumb_cluj7.0wambs.jpg]
[dev.closer2oxford.ro/uploads/2011/01/5/cluj_final.y8djzb.png]
[dev.closer2oxford.ro/uploads/2011/01/5/thumb_cluj_final.y8djzb.png]
[dev.closer2oxford.ro/page/dezbatere_cluj_toamna.html]
[dev.closer2oxford.ro/uploads/2011/01/5/iasi_initial.1tifsg.png]
[dev.closer2oxford.ro/uploads/2011/01/5/thumb_iasi_initial.1tifsg.png]
[dev.closer2oxford.ro/uploads/2011/01/9/iasi4.lcfzq0.jpg]
[dev.closer2oxford.ro/uploads/2011/01/9/thumb_iasi4.lcfzq0.jpg]
[dev.closer2oxford.ro/uploads/2011/01/9/iasi6.zq0hun.jpg]
[dev.closer2oxford.ro/uploads/2011/01/9/thumb_iasi6.zq0hun.jpg]
[dev.closer2oxford.ro/uploads/2011/01/9/iasi7.vg125b.jpg]
[dev.closer2oxford.ro/uploads/2011/01/9/thumb_iasi7.vg125b.jpg]
[dev.closer2oxford.ro/uploads/2011/01/9/iasi2.tkr3ei.jpg]
[dev.closer2oxford.ro/uploads/2011/01/9/thumb_iasi2.tkr3ei.jpg]
[dev.closer2oxford.ro/uploads/2011/01/9/iasi1.m9wa8l.jpg]
[dev.closer2oxford.ro/uploads/2011/01/9/thumb_iasi1.m9wa8l.jpg]
[dev.closer2oxford.ro/uploads/2011/01/9/iasi3.125b4s.jpg]
[dev.closer2oxford.ro/uploads/2011/01/9/thumb_iasi3.125b4s.jpg]
[dev.closer2oxford.ro/uploads/2011/01/5/iasi_final.sgai35.png]
[dev.closer2oxford.ro/uploads/2011/01/5/thumb_iasi_final.sgai35.png]
[dev.closer2oxford.ro/page/dezbatere_iasi_toamna.html]
[dev.closer2oxford.ro/uploads/2011/01/5/timisoara_initial.px9lo6.png]
[dev.closer2oxford.ro/uploads/2011/01/5/thumb_timisoara_initial.px9lo6.png]
[img.youtube.com/vi/kI_So_HusKA/1.jpg]
[img.youtube.com/vi/vkY36DFvxqI/1.jpg]
[img.youtube.com/vi/t1i4GXYKfns/1.jpg]
[img.youtube.com/vi/FOJMomz9ElE/1.jpg]
[dev.closer2oxford.ro/uploads/2011/01/6/timi5.jkqo5x.jpg]
[dev.closer2oxford.ro/uploads/2011/01/6/thumb_timi5.jkqo5x.jpg]
[dev.closer2oxford.ro/uploads/2011/01/6/timi4.5x1git.jpg]
[dev.closer2oxford.ro/uploads/2011/01/6/thumb_timi4.5x1git.jpg]
[dev.closer2oxford.ro/uploads/2011/01/6/timi3.it3l0w.jpg]
[dev.closer2oxford.ro/uploads/2011/01/6/thumb_timi3.it3l0w.jpg]
[dev.closer2oxford.ro/uploads/2011/01/6/timi2.1git3l.jpg]
[dev.closer2oxford.ro/uploads/2011/01/6/thumb_timi2.1git3l.jpg]
[dev.closer2oxford.ro/uploads/2011/01/6/timi1.67drhi.jpg]
[dev.closer2oxford.ro/uploads/2011/01/6/thumb_timi1.67drhi.jpg]
[dev.closer2oxford.ro/uploads/2011/01/6/timi6.l0wamb.jpg]
[dev.closer2oxford.ro/uploads/2011/01/6/thumb_timi6.l0wamb.jpg]
[dev.closer2oxford.ro/uploads/2011/01/5/timisoara_final.kmuchr.png]
[dev.closer2oxford.ro/page/dezbatere_timisoara_toamna.html]
[dev.closer2oxford.ro/uploads/2011/01/5/thumb_timisoara_final.kmuchr.png]
[connect.facebook.net/en_US/all.js]
[dev.closer2oxford.ro/images/submeniu.jpg]
[dev.closer2oxford.ro/images/layout/list.png]
[dev.closer2oxford.ro/images/finantator.jpg]
[dev.closer2oxford.ro/images/pointer.gif]
[dev.closer2oxford.ro/images/colt.jpg]
[dev.closer2oxford.ro/page/var/images.css]
[dev.closer2oxford.ro/images/sigle/pixmap2.jpg]
[dev.closer2oxford.ro/images/sigle/diwanieh.png]
[dev.closer2oxford.ro/images/sigle/ALF_logo_small.jpg]
[dev.closer2oxford.ro/page/var/parteneri2.css]
[closer2oxford.ro/uploads/2012/11/4/conferinta_cluj_runda_trei.jizfr0.5l4d36.html]
[closer2oxford.ro/uploads/2012/11/4/207338_214811975197620_3000564_n.3ivhl1.0kmo7c.html]
[closer2oxford.ro/uploads/2012/11/4/nesupunere_civica_iasi2.6gtsc4.q1ftvp.html]
[dev.closer2oxford.ro/css/validationEngine.jquery.css]
[dev.closer2oxford.ro/page/extend_c2o.html]
[dev.closer2oxford.ro/page/termeni.html]
[dev.closer2oxford.ro/page/clubdebate.html]
[dev.closer2oxford.ro/documents/cluburi/coach.pdf]
[dev.closer2oxford.ro/page/coach.html]
[dev.closer2oxford.ro/documents/cluburi/trainer.pdf]
[dev.closer2oxford.ro/page/tainer.html]
[dev.closer2oxford.ro/documents/cluburi/profesor.pdf]
[dev.closer2oxford.ro/page/profesor.html]
[dev.closer2oxford.ro/documents/cluburi/arbitru.pdf]
[dev.closer2oxford.ro/page/arbitru.html]
[dev.closer2oxford.ro/page/oamenii.html]
[dev.closer2oxford.ro/images/oameni/laura_bretea.jpg]
[dev.closer2oxford.ro/images/oameni/ioana_cionea.jpg]
[dev.closer2oxford.ro/images/oameni/ioana_covei.jpg]
[dev.closer2oxford.ro/images/oameni/horia.ciochina.jpg]
[dev.closer2oxford.ro/images/oameni/victor_draghicescu.jpg]
[dev.closer2oxford.ro/images/oameni/alina_girbea.jpg]
[dev.closer2oxford.ro/images/oameni/Simina Gheorghinca.jpg]
[dev.closer2oxford.ro/images/oameni/mihaela_gherghe.jpg]
[dev.closer2oxford.ro/images/oameni/teodora.graur.jpg]
[dev.closer2oxford.ro/images/oameni/stefan_ionescu.jpg]
[dev.closer2oxford.ro/images/oameni/radu_jakab.jpg]
[dev.closer2oxford.ro/images/oameni/jiglau.jpg]
[dev.closer2oxford.ro/images/oameni/george_maxim.jpg]
[dev.closer2oxford.ro/images/oameni/david.jpg]
[dev.closer2oxford.ro/images/oameni/Ioan Nascu.jpg]
[dev.closer2oxford.ro/images/oameni/radu_ocrain.jpg]
[dev.closer2oxford.ro/images/oameni/cristina.rosu.jpg]
[dev.closer2oxford.ro/images/oameni/pusca.jpg]
[dev.closer2oxford.ro/images/oameni/bogdan_ratiu.jpg]
[dev.closer2oxford.ro/page/arbitrii.html]
[dev.closer2oxford.ro/page/debateonline.html]
[dev.closer2oxford.ro/page/lecturicritice.html]
[dev.closer2oxford.ro/en/index.html]
[dev.closer2oxford.ro/page/contactus/index.html]
[dev.closer2oxford.ro/page/theteam/index.html]
[dev.closer2oxford.ro/uploads/2014/02/4/Online_debate_format_Closer2Oxford_meets_Diwanieh.df01v5.pdf]
[dev.closer2oxford.ro/page/theproject/index.html]
[dev.closer2oxford.ro/page/home_en/index.html]
[dev.closer2oxford.ro/page/en/vezi_meciuri/367/index.html]
[dev.closer2oxford.ro/page/en/vezi_meciuri/368/index.html]
[dev.closer2oxford.ro/page/en/vezi_meciuri/365/index.html]
[freedomhouse.org/sites/default/files/Freedom in the World 2014 Booklet.pdf]
[www.peterleeson.com/democratic_domino_theory.pdf]
[dev.closer2oxford.ro/page/en/vezi_meciuri/366/index.html]
[www.globalpolicy.org/images/pdfs/0308opinion.pdf]
[dev.closer2oxford.ro/page/en/vezi_meciuri/369/index.html]
[dev.closer2oxford.ro/page/en/vezi_meciuri/374/index.html]
[web.law.columbia.edu/sites/default/files/microsites/law-theory-workshop/files/Cameron - Post-Soviet Affairs.pdf]
[dev.closer2oxford.ro/page/en/vezi_meciuri/373/index.html]
[dev.closer2oxford.ro/page/en/vezi_meciuri/370/index.html]
[www.hsph.harvard.edu/ihsg/publications/pdf/No-7-1.2f7.delayed]
[dev.closer2oxford.ro/page/en/vezi_meciuri/372/index.html]
[dev.closer2oxford.ro/page/en/vezi_meciuri/371/index.html]
[www.journalofdemocracy.org/sites/default/files/Brown-24-4.html]
[closer2oxford.ro/uploads/2014/02/4/Online_debate_format_Closer2Oxford_meets_Diwanieh.df01v5.html]
[dev.closer2oxford.ro/page/10_sfaturi.html]
[dev.closer2oxford.ro/page/abonamente_british_council_vara.html]
[dev.closer2oxford.ro/page/abonamente_fp_runda_6.html]
[dev.closer2oxford.ro/page/ai_cont.html]
[dev.closer2oxford.ro/page/anul2incifre.html]
[dev.closer2oxford.ro/page/anunt_clasamente_runda_5.html]
[dev.closer2oxford.ro/page/anunt_dezbatere_runda_5.html]
[dev.closer2oxford.ro/page/arbitraj+si+clasamente.html]
[dev.closer2oxford.ro/page/arbitraj+si+clasamente+(update).html]
[dev.closer2oxford.ro/page/bucuresti_primavara.html]
[dev.closer2oxford.ro/page/calendar-debate-9.html]
[dev.closer2oxford.ro/page/anunt+invitatie.html]
[dev.closer2oxford.ro/page/anunt_runda_11.html]
[dev.closer2oxford.ro/page/arbitraj_runda_7.html]
[dev.closer2oxford.ro/page/calendar+activitati.html]
[dev.closer2oxford.ro/page/calendar_runda_5.html]
[dev.closer2oxford.ro/page/calendar_runda_6.html]
[dev.closer2oxford.ro/page/calendar_runda_7.html]
[dev.closer2oxford.ro/page/calendar_runda_primavara.html]
[dev.closer2oxford.ro/page/calendar_runda_primavara_2014.html]
[dev.closer2oxford.ro/page/calendar_vara.html]
[dev.closer2oxford.ro/page/clasamentul-rundei.html]
[dev.closer2oxford.ro/page/clasament_runda_10.html]
[dev.closer2oxford.ro/page/calendar_runda_toamna.html]
[dev.closer2oxford.ro/page/castigatorI_primavara.html]
[dev.closer2oxford.ro/page/clasamente_runda_8.html]
[dev.closer2oxford.ro/page/clasamente_runda_9.html]
[dev.closer2oxford.ro/page/clasament_runda_6.html]
[dev.closer2oxford.ro/page/conferinta_cluj_vara.html]
[dev.closer2oxford.ro/page/conferinta_timisoara_vara.html]
[mail.google.com/mail/u/0/images/cleardot.gif]
[dev.closer2oxford.ro/page/clasament_runda11.html]
[dev.closer2oxford.ro/page/clasament_toamna_2011.html]
[dev.closer2oxford.ro/page/conferinta_bucuresti_vara.html]
[dev.closer2oxford.ro/page/conferinta_iasi_vara.html]
[dev.closer2oxford.ro/page/conferinte+primavara.html]
[dev.closer2oxford.ro/page/daca_ai_intarziat.html]
[dev.closer2oxford.ro/page/deadine+inregistrare.html]
[dev.closer2oxford.ro/page/deadline-uri.html]
[dev.closer2oxford.ro/page/closer2oxford_trece_prutul.html]
[dev.closer2oxford.ro/page/cum_inregistrezi_echipa.html]
[dev.closer2oxford.ro/page/deadline_extins_runda_8.html]
[dev.closer2oxford.ro/page/dezbatere_parada_Buc.html]
[dev.closer2oxford.ro/page/dezbatere_publica_iasi_runda_5.html]
[dev.closer2oxford.ro/page/dezbateri_bucuresti_timisoara_runda_5.html]
[dev.closer2oxford.ro/page/comunicat_presa_2011.html]
[dev.closer2oxford.ro/page/dezbateri_primavara.html]
[dev.closer2oxford.ro/page/dezbateri_publice_timisoara_toamna_2011.html]
[dev.closer2oxford.ro/page/dezbateri_transcrieri_toamna.html]
[dev.closer2oxford.ro/page/discurs+a2+primavara.html]
[dev.closer2oxford.ro/page/debate_aprilie_2013.html]
[dev.closer2oxford.ro/page/dezbatere_iasi_nesupunere_civica.html]
[dev.closer2oxford.ro/page/discurs+N2.html]
[dev.closer2oxford.ro/page/discurs_negator1_primavara.html]
[dev.closer2oxford.ro/page/familia_ratiu.html]
[dev.closer2oxford.ro/page/final+runda+primavara.html]
[dev.closer2oxford.ro/page/guest_debate_primavara_2013.html]
[dev.closer2oxford.ro/page/iasi_primavara.html]
[dev.closer2oxford.ro/page/incepe_runda_de_primavara.html]
[dev.closer2oxford.ro/page/inceput_runda_10.html]
[dev.closer2oxford.ro/page/inregistrari_primavara.html]
[dev.closer2oxford.ro/page/inscrie-te.html]
[dev.closer2oxford.ro/page/interviu_2015.html]
[dev.closer2oxford.ro/page/jurizare_vara.html]
[dev.closer2oxford.ro/page/lansare_toamna_2011.html]
[dev.closer2oxford.ro/page/limita_cuvinte.html]
[dev.closer2oxford.ro/page/motiunea+aleasa.html]
[dev.closer2oxford.ro/uploads/2013/07/29/Banner_dezbateri.8dkrmb.jpg]
[dev.closer2oxford.ro/page/dezbateri_publice9.html]
[dev.closer2oxford.ro/page/inregistrari-runda10.html]
[dev.closer2oxford.ro/page/motiunea_castigatoare_primavara.html]
[dev.closer2oxford.ro/page/inregistrari_runda_toamna_2012.html]
[dev.closer2oxford.ro/page/motiunile+votate.html]
[dev.closer2oxford.ro/page/multumiri_voluntarilor.html]
[dev.closer2oxford.ro/uploads/2011/08/8/In_acest_newsletter_puteti_citi.uiaif0.pdf]
[dev.closer2oxford.ro/uploads/2011/08/8/salut.lo1hrk.pdf]
[dev.closer2oxford.ro/uploads/2011/08/8/Cuprins.lo1hrk.pdf]
[dev.closer2oxford.ro/uploads/2011/08/8/Closer_to_Oxford_continua_si_la_toamna.bnt6ui.pdf]
[dev.closer2oxford.ro/uploads/2011/10/17/Newsletter_5.oaj2cd.pdf]
[dev.closer2oxford.ro/uploads/2011/10/24/newsletter6.ed0giq.pdf]
[dev.closer2oxford.ro/page/newslettere.html]
[dev.closer2oxford.ro/uploads/2012/05/31/Newsletter_Closer_2_Oxford_-_Runda_speciala.b60awp.pdf]
[dev.closer2oxford.ro/page/newsletter_7.html]
[dev.closer2oxford.ro/page/news_newsletter.html]
[dev.closer2oxford.ro/page/noul+calendar.html]
[dev.closer2oxford.ro/page/postare_vara_discurs2.html]
[dev.closer2oxford.ro/page/premii.html]
[dev.closer2oxford.ro/page/premii_inteligent_life_vara.html]
[dev.closer2oxford.ro/page/premii_primavara.html]
[dev.closer2oxford.ro/uploads/2011/07/22/gala_grup.81ixvr.jpg]
[dev.closer2oxford.ro/uploads/2011/07/22/thumb_gala_grup.81ixvr.jpg]
[dev.closer2oxford.ro/uploads/2011/07/22/gala_ardor.u2zaln.jpg]
[dev.closer2oxford.ro/uploads/2011/07/22/thumb_gala_ardor.u2zaln.jpg]
[dev.closer2oxford.ro/uploads/2011/07/22/gala.zalno4.jpg]
[dev.closer2oxford.ro/uploads/2011/07/22/thumb_gala.zalno4.jpg]
[dev.closer2oxford.ro/page/premiu_gala_societatii_civile.html]
[dev.closer2oxford.ro/page/prima+runda.html]
[dev.closer2oxford.ro/page/oferta_foreign_policy.html]
[dev.closer2oxford.ro/page/premii+abonamente+toamna.html]
[dev.closer2oxford.ro/page/premii_runda4.html]
[dev.closer2oxford.ro/page/prima+zi+de+debate+online.html]
[dev.closer2oxford.ro/page/probleme+tehnice.html]
[dev.closer2oxford.ro/page/resurse_lectura_runda_7.html]
[dev.closer2oxford.ro/page/rezultate_runda_7.html]
[dev.closer2oxford.ro/page/premii_runda_5.html]
[dev.closer2oxford.ro/page/premii_runda_7.html]
[dev.closer2oxford.ro/page/premii_urnda_5.html]
[dev.closer2oxford.ro/page/premii_vara.html]
[dev.closer2oxford.ro/page/procedura_inregistrare.html]
[dev.closer2oxford.ro/page/rezultate_vara.html]
[dev.closer2oxford.ro/page/rezultate_vot_runda_6.html]
[dev.closer2oxford.ro/page/runda_pirati.html]
[dev.closer2oxford.ro/page/runda_vara.html]
[dev.closer2oxford.ro/page/program_primavara.html]
[dev.closer2oxford.ro/page/resurse_runda_11.html]
[dev.closer2oxford.ro/page/rezultate+runda+de+primavara.html]
[dev.closer2oxford.ro/page/runda11_dezbateri.html]
[dev.closer2oxford.ro/page/rundele+urmatoare.html]
[dev.closer2oxford.ro/page/seminarii+primavara.html]
[dev.closer2oxford.ro/page/seminarii_toamna_2011.html]
[dev.closer2oxford.ro/page/seminar_cluj_vara.html]
[dev.closer2oxford.ro/page/rolul_publicitatii_adresate_copiilor.html]
[dev.closer2oxford.ro/page/rundaLGBT_exchange.html]
[dev.closer2oxford.ro/page/seminar_iasi_timisoara_vara.html]
[dev.closer2oxford.ro/page/seminar_iasi_vara.html]
[dev.closer2oxford.ro/page/runda_12_iordania.html]
[dev.closer2oxford.ro/page/runda_13_incepe.html]
[dev.closer2oxford.ro/page/runda_5_inceput.html]
[dev.closer2oxford.ro/page/runda_5_inscrieri.html]
[dev.closer2oxford.ro/page/runda_8nov.html]
[dev.closer2oxford.ro/page/sesiune_qa_runda10.html]
[dev.closer2oxford.ro/page/spam.html]
[dev.closer2oxford.ro/page/stire_noi_resurse_lectura.html]
[dev.closer2oxford.ro/page/stire_perioada_inreg.html]
[dev.closer2oxford.ro/page/sugestii+de+lectura.html]
[dev.closer2oxford.ro/page/runda_doi.html]
[dev.closer2oxford.ro/page/runda_vara_final.html]
[dev.closer2oxford.ro/page/seminarii-runda9.html]
[dev.closer2oxford.ro/page/sugestii_runda_6.html]
[dev.closer2oxford.ro/page/sugestii_runda_8.html]
[dev.closer2oxford.ro/page/sugestii_runda_9.html]
[dev.closer2oxford.ro/page/sugestI_runda_10.html]
[dev.closer2oxford.ro/page/sugesti_vara.html]
[dev.closer2oxford.ro/page/seminarii_debate_in_weekend_10-11_mar.html]
[dev.closer2oxford.ro/page/seminarii_vara.html]
[dev.closer2oxford.ro/page/seminar_chisinau_primavara_2013.html]
[dev.closer2oxford.ro/page/start_inscrieri_runda_9.html]
[dev.closer2oxford.ro/page/timisoara_primavara.html]
[dev.closer2oxford.ro/page/transcrieri_vara.html]
[dev.closer2oxford.ro/page/stire_dezbatere_timisoara_runda_11.html]
[dev.closer2oxford.ro/page/studiu_dezbateri.html]
[dev.closer2oxford.ro/uploads/2011/10/22/Tutorial_Closer2Oxford.u8ngkp.pdf]
[dev.closer2oxford.ro/page/tutorial_nou.html]
[dev.closer2oxford.ro/page/update_program_primavara.html]
[dev.closer2oxford.ro/page/voteaza+motiunea.html]
[dev.closer2oxford.ro/page/vot_runda_iv.html]
[dev.closer2oxford.ro/uploads/2012/10/2/Ce_spun_invitatii_nostri_despre_Closer_to_Oxford.zj013i.pdf]
[dev.closer2oxford.ro/page/zece_testimoniale_2012.html]
[dev.closer2oxford.ro/page/vot_vara.html]
[dev.closer2oxford.ro/css/{base}{images_folder}bg.html]
[dev.closer2oxford.ro/css/{base}{images_folder}asc.html]
[dev.closer2oxford.ro/css/{base}{images_folder}desc.html]
[dev.closer2oxford.ro/uploads/2013/07/31/dezbatere_C2O_ARDOR_Cluj_George_Jiglău_Andreea_Oțet_Irina_Negruțiu_Ovidiu_Podaru.euk9oc.html]
[img.youtube.com/vi/VOYZ8d4T4js/1.jpg]
[b.vimeocdn.com/ts/118/036/118036354_100.jpg]
[b.vimeocdn.com/ts/118/029/118029534_100.jpg]
[b.vimeocdn.com/ts/119/285/119285087_100.jpg]
[b.vimeocdn.com/ts/118/034/118034287_100.jpg]
[b.vimeocdn.com/ts/118/033/118033557_100.jpg]
[b.vimeocdn.com/ts/118/034/118034994_100.jpg]
[b.vimeocdn.com/ts/119/285/119285333_100.jpg]
[b.vimeocdn.com/ts/111/164/111164255_100.jpg]
[b.vimeocdn.com/ts/112/666/112666000_100.jpg]
[b.vimeocdn.com/ts/112/668/112668651_100.jpg]
[b.vimeocdn.com/ts/112/671/112671582_100.jpg]
[b.vimeocdn.com/ts/112/674/112674680_100.jpg]
[b.vimeocdn.com/ts/112/685/112685925_100.jpg]
[b.vimeocdn.com/ts/112/695/112695448_100.jpg]
[dev.closer2oxford.ro/images/sigle/filters.svg]
[dev.closer2oxford.ro/page/inregistrare.html]
[dev.closer2oxford.ro/page/dezbateri.html]
[dev.closer2oxford.ro/documents/regulament_dezbateri.pdf]
[dev.closer2oxford.ro/documents/kit/kit_argumentare_c2o.pdf]
[dev.closer2oxford.ro/documents/kit/reguli_de_redactare_c2o.pdf]
[dev.closer2oxford.ro/documents/kit/standarde_citare_c2o.pdf]
[dev.closer2oxford.ro/documents/dezbatere_demonstrativa.pdf]
[dev.closer2oxford.ro/documents/regulament_arbitraj.pdf]
[dev.closer2oxford.ro/page/resurse.html]
[ires.ro/uploads/articole/ires_cncd_perceptii-si-atitudini-privind-discriminarea-2013.pdf]
[sar.org.ro/files/529_Policy memo46.pdf]
[uk.sagepub.com/en-gb/eur/hackley/SJO Articles for Website/Chapter 8 - Pine & Nash.pdf]
[www.cerealfacts.org/media/Cereal_FACTS_Report_2012_7.12.pdf]
[dev.closer2oxford.ro/uploads/2012/06/12/Freedom_in_the_World_2012.ntevkc.pdf]
[dev.closer2oxford.ro/uploads/2012/06/12/Democracy_Index_2011.5yjahi.pdf]
[dev.closer2oxford.ro/uploads/2012/06/12/The_Rise_of_Illiberal_Democracy.gf1ruw.pdf]
[dev.closer2oxford.ro/uploads/2012/06/12/Triumphant_Turkey.c0zqx3.pdf]
[dev.closer2oxford.ro/uploads/2012/06/12/The_Arab_Counterrevolution.yjahim.pdf]
[helda.helsinki.fi/bitstream/handle/10138/18311/religion3640.pdf]
[portal.unesco.org/ci/en/files/18796/11144252115pb_why_how.pdf/pb_why_how.333.delayed]
[dev.closer2oxford.ro/uploads/2010/10/30/starea_de_fapt_cateva_repere.doc]
[dev.closer2oxford.ro/page/sugestii.html]
[dev.closer2oxford.ro/page/tutoriale.html]
[ec.europa.eu/europeaid/where/neighbourhood/eastern_partnership/documents/eastern_partnership_flyer_final_en.html]
[www.hsph.harvard.edu/ihsg/publications/pdf/No-7-1.html]
[dev.closer2oxford.ro/page/contacte.html]
[dev.closer2oxford.ro/page/ro/premii_runda_5.html]
[dev.closer2oxford.ro/page/11_sfaturi.html]
[www.brickell.co.nz/docs/heroesinvaders.html]
[www.heacademy.ac.uk/assets/documents/employability/id370_work-related_learning_in_higher_education_582.html]
[www.bci.ie/documents/advertising_children.html]
[uk.sagepub.com/en-gb/eur/hackley/SJO Articles for Website/Chapter 8 - Pine & Nash.html]
[dev.closer2oxford.ro/uploads/2012/06/12/China's_Dilemma_-_Social_Change_and_Political_Reform.lntevk.html]
[www.ipi.org/IPI/IPIPublications.nsf/PublicationLookupFullTextPDF/51CC65A1D4779E408625733E00529174/$File/SoundRecordingPiracy.html]
[www.ce-re.ro/upload/Peter Suber Civil Disobedience.html]
[www.ce-re.ro/upload/L'influence de Gandhi_semelin.html]
[www.ce-re.ro/upload/E Armand Petit manuel anarchiste individualiste.html]
[www.ce-re.ro/upload/sinteza.html]
[www.ce-re.ro/upload/HO De ce despre nesupunerea civica.html]
[portal.unesco.org/ci/en/files/18796/11144252115pb_why_how.pdf/pb_why_how.html]
[dev.closer2oxford.ro/uploads/2012/06/12/Democracy_Index_2011.5yjahi.pdf]
[dev.closer2oxford.ro/uploads/2012/06/12/The_Rise_of_Illiberal_Democracy.gf1ruw.pdf]
[file/D_/Users/Administrator/Downloads/The Minions - A1.doc]
[file/C_/Users/Lorentz/Desktop/N2 - C2O.doc]
[documents.envisional.com/docs/Envisional-Internet_Usage-Jan2011.pdf]
[re-net.ac.uk/attachments/01785212-fcb6-4ef1-9775-61a53ce0af04.pdf]
